2017/12/21-17:04 [main] ERROR org.springframework.boot.logging.LoggingApplicationListener- Cannot set level: DEBUG   for 'com.mycompany.mavenspringboot.mapper'
 2017/12/21-17:04 [main] ERROR org.springframework.boot.logging.LoggingApplicationListener- Cannot set level: WARN   for 'com.mycompany.mavenspringboot.controller'
 2017/12/21-17:04 [main] INFO  com.base.web.SpingBootApplication- Starting SpingBootApplication on A201705271754 with PID 9584 (D:\workspace\BaseSummer\target\classes started by Administrator in D:\workspace\BaseSummer)
 2017/12/21-17:04 [main] INFO  com.base.web.SpingBootApplication- No active profile set, falling back to default profiles: default
 2017/12/21-17:04 [main] INFO  org.springframework.boot.context.embedded.AnnotationConfigEmbeddedWebApplicationContext- Refreshing org.springframework.boot.context.embedded.AnnotationConfigEmbeddedWebApplicationContext@5076b51c: startup date [Thu Dec 21 17:04:09 CST 2017]; root of context hierarchy
 2017/12/21-17:04 [main] INFO  org.springframework.boot.context.embedded.tomcat.TomcatEmbeddedServletContainer- Tomcat initialized with port(s): 8080 (http)
 2017/12/21-17:04 [main] INFO  org.apache.catalina.core.StandardService- Starting service [Tomcat]
 2017/12/21-17:04 [main] INFO  org.apache.catalina.core.StandardEngine- Starting Servlet Engine: Apache Tomcat/8.5.23
 2017/12/21-17:04 [localhost-startStop-1] INFO  org.apache.catalina.core.ContainerBase.[Tomcat].[localhost].[/]- Initializing Spring embedded WebApplicationContext
 2017/12/21-17:04 [localhost-startStop-1] INFO  org.springframework.web.context.ContextLoader- Root WebApplicationContext: initialization completed in 3106 ms
 2017/12/21-17:04 [localhost-startStop-1] INFO  org.springframework.boot.web.servlet.ServletRegistrationBean- Mapping servlet: 'dispatcherServlet' to [/]
 2017/12/21-17:04 [localhost-startStop-1] INFO  org.springframework.boot.web.servlet.FilterRegistrationBean- Mapping filter: 'characterEncodingFilter' to: [/*]
 2017/12/21-17:04 [localhost-startStop-1] INFO  org.springframework.boot.web.servlet.FilterRegistrationBean- Mapping filter: 'hiddenHttpMethodFilter' to: [/*]
 2017/12/21-17:04 [localhost-startStop-1] INFO  org.springframework.boot.web.servlet.FilterRegistrationBean- Mapping filter: 'httpPutFormContentFilter' to: [/*]
 2017/12/21-17:04 [localhost-startStop-1] INFO  org.springframework.boot.web.servlet.FilterRegistrationBean- Mapping filter: 'requestContextFilter' to: [/*]
 2017/12/21-17:04 [main] INFO  org.springframework.web.servlet.mvc.method.annotation.RequestMappingHandlerAdapter- Looking for @ControllerAdvice: org.springframework.boot.context.embedded.AnnotationConfigEmbeddedWebApplicationContext@5076b51c: startup date [Thu Dec 21 17:04:09 CST 2017]; root of context hierarchy
 2017/12/21-17:04 [main] INFO  org.springframework.web.servlet.mvc.method.annotation.RequestMappingHandlerMapping- Mapped "{[/test],methods=[GET]}" onto public java.lang.String com.base.web.controller.TestController.getTest()
 2017/12/21-17:04 [main] INFO  org.springframework.web.servlet.mvc.method.annotation.RequestMappingHandlerMapping- Mapped "{[/error]}" onto public org.springframework.http.ResponseEntity<java.util.Map<java.lang.String, java.lang.Object>> org.springframework.boot.autoconfigure.web.BasicErrorController.error(javax.servlet.http.HttpServletRequest)
 2017/12/21-17:04 [main] INFO  org.springframework.web.servlet.mvc.method.annotation.RequestMappingHandlerMapping- Mapped "{[/error],produces=[text/html]}" onto public org.springframework.web.servlet.ModelAndView org.springframework.boot.autoconfigure.web.BasicErrorController.errorHtml(javax.servlet.http.HttpServletRequest,javax.servlet.http.HttpServletResponse)
 2017/12/21-17:04 [main] INFO  org.springframework.web.servlet.handler.SimpleUrlHandlerMapping- Mapped URL path [/webjars/**] onto handler of type [class org.springframework.web.servlet.resource.ResourceHttpRequestHandler]
 2017/12/21-17:04 [main] INFO  org.springframework.web.servlet.handler.SimpleUrlHandlerMapping- Mapped URL path [/**] onto handler of type [class org.springframework.web.servlet.resource.ResourceHttpRequestHandler]
 2017/12/21-17:04 [main] INFO  org.springframework.web.servlet.handler.SimpleUrlHandlerMapping- Mapped URL path [/**/favicon.ico] onto handler of type [class org.springframework.web.servlet.resource.ResourceHttpRequestHandler]
 2017/12/21-17:04 [main] INFO  org.springframework.jmx.export.annotation.AnnotationMBeanExporter- Registering beans for JMX exposure on startup
 2017/12/21-17:04 [main] INFO  org.springframework.boot.context.embedded.tomcat.TomcatEmbeddedServletContainer- Tomcat started on port(s): 8080 (http)
 2017/12/21-17:04 [main] INFO  com.base.web.SpingBootApplication- Started SpingBootApplication in 6.44 seconds (JVM running for 7.146)
 2017/12/21-17:04 [http-nio-8080-exec-1] INFO  org.apache.catalina.core.ContainerBase.[Tomcat].[localhost].[/]- Initializing Spring FrameworkServlet 'dispatcherServlet'
 2017/12/21-17:04 [http-nio-8080-exec-1] INFO  org.springframework.web.servlet.DispatcherServlet- FrameworkServlet 'dispatcherServlet': initialization started
 2017/12/21-17:04 [http-nio-8080-exec-1] INFO  org.springframework.web.servlet.DispatcherServlet- FrameworkServlet 'dispatcherServlet': initialization completed in 23 ms
 2017/12/21-17:07 [main] ERROR org.springframework.boot.logging.LoggingApplicationListener- Cannot set level: WARN   for 'com.base.web.controller'
 2017/12/21-17:07 [main] ERROR org.springframework.boot.logging.LoggingApplicationListener- Cannot set level: DEBUG   for 'com.mycompany.mavenspringboot.mapper'
 2017/12/21-17:07 [main] INFO  com.base.web.SpingBootApplication- Starting SpingBootApplication on A201705271754 with PID 3456 (D:\workspace\BaseSummer\target\classes started by Administrator in D:\workspace\BaseSummer)
 2017/12/21-17:07 [main] INFO  com.base.web.SpingBootApplication- No active profile set, falling back to default profiles: default
 2017/12/21-17:07 [main] INFO  org.springframework.boot.context.embedded.AnnotationConfigEmbeddedWebApplicationContext- Refreshing org.springframework.boot.context.embedded.AnnotationConfigEmbeddedWebApplicationContext@1b81464b: startup date [Thu Dec 21 17:07:54 CST 2017]; root of context hierarchy
 2017/12/21-17:07 [main] INFO  org.springframework.boot.context.embedded.tomcat.TomcatEmbeddedServletContainer- Tomcat initialized with port(s): 8080 (http)
 2017/12/21-17:07 [main] INFO  org.apache.catalina.core.StandardService- Starting service [Tomcat]
 2017/12/21-17:07 [main] INFO  org.apache.catalina.core.StandardEngine- Starting Servlet Engine: Apache Tomcat/8.5.23
 2017/12/21-17:07 [localhost-startStop-1] INFO  org.apache.catalina.core.ContainerBase.[Tomcat].[localhost].[/]- Initializing Spring embedded WebApplicationContext
 2017/12/21-17:07 [localhost-startStop-1] INFO  org.springframework.web.context.ContextLoader- Root WebApplicationContext: initialization completed in 3114 ms
 2017/12/21-17:07 [localhost-startStop-1] INFO  org.springframework.boot.web.servlet.ServletRegistrationBean- Mapping servlet: 'dispatcherServlet' to [/]
 2017/12/21-17:07 [localhost-startStop-1] INFO  org.springframework.boot.web.servlet.FilterRegistrationBean- Mapping filter: 'characterEncodingFilter' to: [/*]
 2017/12/21-17:07 [localhost-startStop-1] INFO  org.springframework.boot.web.servlet.FilterRegistrationBean- Mapping filter: 'hiddenHttpMethodFilter' to: [/*]
 2017/12/21-17:07 [localhost-startStop-1] INFO  org.springframework.boot.web.servlet.FilterRegistrationBean- Mapping filter: 'httpPutFormContentFilter' to: [/*]
 2017/12/21-17:07 [localhost-startStop-1] INFO  org.springframework.boot.web.servlet.FilterRegistrationBean- Mapping filter: 'requestContextFilter' to: [/*]
 2017/12/21-17:07 [main] INFO  org.springframework.web.servlet.mvc.method.annotation.RequestMappingHandlerAdapter- Looking for @ControllerAdvice: org.springframework.boot.context.embedded.AnnotationConfigEmbeddedWebApplicationContext@1b81464b: startup date [Thu Dec 21 17:07:54 CST 2017]; root of context hierarchy
 2017/12/21-17:07 [main] INFO  org.springframework.web.servlet.mvc.method.annotation.RequestMappingHandlerMapping- Mapped "{[/test],methods=[GET]}" onto public java.lang.String com.base.web.controller.TestController.getTest()
 2017/12/21-17:07 [main] INFO  org.springframework.web.servlet.mvc.method.annotation.RequestMappingHandlerMapping- Mapped "{[/error]}" onto public org.springframework.http.ResponseEntity<java.util.Map<java.lang.String, java.lang.Object>> org.springframework.boot.autoconfigure.web.BasicErrorController.error(javax.servlet.http.HttpServletRequest)
 2017/12/21-17:07 [main] INFO  org.springframework.web.servlet.mvc.method.annotation.RequestMappingHandlerMapping- Mapped "{[/error],produces=[text/html]}" onto public org.springframework.web.servlet.ModelAndView org.springframework.boot.autoconfigure.web.BasicErrorController.errorHtml(javax.servlet.http.HttpServletRequest,javax.servlet.http.HttpServletResponse)
 2017/12/21-17:07 [main] INFO  org.springframework.web.servlet.handler.SimpleUrlHandlerMapping- Mapped URL path [/webjars/**] onto handler of type [class org.springframework.web.servlet.resource.ResourceHttpRequestHandler]
 2017/12/21-17:07 [main] INFO  org.springframework.web.servlet.handler.SimpleUrlHandlerMapping- Mapped URL path [/**] onto handler of type [class org.springframework.web.servlet.resource.ResourceHttpRequestHandler]
 2017/12/21-17:07 [main] INFO  org.springframework.web.servlet.handler.SimpleUrlHandlerMapping- Mapped URL path [/**/favicon.ico] onto handler of type [class org.springframework.web.servlet.resource.ResourceHttpRequestHandler]
 2017/12/21-17:07 [main] INFO  org.springframework.jmx.export.annotation.AnnotationMBeanExporter- Registering beans for JMX exposure on startup
 2017/12/21-17:08 [main] INFO  org.springframework.boot.context.embedded.tomcat.TomcatEmbeddedServletContainer- Tomcat started on port(s): 8080 (http)
 2017/12/21-17:08 [main] INFO  com.base.web.SpingBootApplication- Started SpingBootApplication in 6.89 seconds (JVM running for 7.635)
 2017/12/21-17:08 [http-nio-8080-exec-1] INFO  org.apache.catalina.core.ContainerBase.[Tomcat].[localhost].[/]- Initializing Spring FrameworkServlet 'dispatcherServlet'
 2017/12/21-17:08 [http-nio-8080-exec-1] INFO  org.springframework.web.servlet.DispatcherServlet- FrameworkServlet 'dispatcherServlet': initialization started
 2017/12/21-17:08 [http-nio-8080-exec-1] INFO  org.springframework.web.servlet.DispatcherServlet- FrameworkServlet 'dispatcherServlet': initialization completed in 27 ms
 2017/12/21-17:09 [main] INFO  com.base.web.SpingBootApplication- Starting SpingBootApplication on A201705271754 with PID 10808 (D:\workspace\BaseSummer\target\classes started by Administrator in D:\workspace\BaseSummer)
 2017/12/21-17:09 [main] INFO  com.base.web.SpingBootApplication- No active profile set, falling back to default profiles: default
 2017/12/21-17:09 [main] INFO  org.apache.catalina.core.StandardService- Starting service [Tomcat]
 2017/12/21-17:09 [main] INFO  org.apache.catalina.core.StandardEngine- Starting Servlet Engine: Apache Tomcat/8.5.23
 2017/12/21-17:09 [localhost-startStop-1] INFO  org.apache.catalina.core.ContainerBase.[Tomcat].[localhost].[/]- Initializing Spring embedded WebApplicationContext
 2017/12/21-17:09 [main] INFO  com.base.web.SpingBootApplication- Started SpingBootApplication in 6.297 seconds (JVM running for 6.935)
 2017/12/21-17:09 [http-nio-8080-exec-1] INFO  org.apache.catalina.core.ContainerBase.[Tomcat].[localhost].[/]- Initializing Spring FrameworkServlet 'dispatcherServlet'
 2017/12/21-17:32 [main] INFO  com.base.web.SpingBootApplication- Starting SpingBootApplication on A201705271754 with PID 10096 (D:\workspace\BaseSummer\target\classes started by Administrator in D:\workspace\BaseSummer)
 2017/12/21-17:32 [main] INFO  com.base.web.SpingBootApplication- No active profile set, falling back to default profiles: default
 2017/12/21-17:32 [main] INFO  org.apache.catalina.core.StandardService- Starting service [Tomcat]
 2017/12/21-17:32 [main] INFO  org.apache.catalina.core.StandardEngine- Starting Servlet Engine: Apache Tomcat/8.5.23
 2017/12/21-17:32 [localhost-startStop-1] INFO  org.apache.catalina.core.ContainerBase.[Tomcat].[localhost].[/]- Initializing Spring embedded WebApplicationContext
 2017/12/21-17:32 [main] INFO  com.base.web.SpingBootApplication- Started SpingBootApplication in 6.416 seconds (JVM running for 8.26)
 2017/12/21-17:32 [http-nio-8080-exec-1] INFO  org.apache.catalina.core.ContainerBase.[Tomcat].[localhost].[/]- Initializing Spring FrameworkServlet 'dispatcherServlet'
 2017/12/21-17:33 [main] INFO  com.base.web.SpingBootApplication- Starting SpingBootApplication on A201705271754 with PID 11072 (D:\workspace\BaseSummer\target\classes started by Administrator in D:\workspace\BaseSummer)
 2017/12/21-17:33 [main] INFO  com.base.web.SpingBootApplication- No active profile set, falling back to default profiles: default
 2017/12/21-17:33 [main] INFO  org.apache.catalina.core.StandardService- Starting service [Tomcat]
 2017/12/21-17:33 [main] INFO  org.apache.catalina.core.StandardEngine- Starting Servlet Engine: Apache Tomcat/8.5.23
 2017/12/21-17:33 [localhost-startStop-1] INFO  org.apache.catalina.core.ContainerBase.[Tomcat].[localhost].[/]- Initializing Spring embedded WebApplicationContext
 2017/12/21-17:33 [main] INFO  com.base.web.SpingBootApplication- Started SpingBootApplication in 6.712 seconds (JVM running for 7.493)
 2017/12/21-17:33 [http-nio-8080-exec-1] INFO  org.apache.catalina.core.ContainerBase.[Tomcat].[localhost].[/]- Initializing Spring FrameworkServlet 'dispatcherServlet'
 2017/12/21-17:35 [main] INFO  com.base.web.SpingBootApplication- Starting SpingBootApplication on A201705271754 with PID 10712 (D:\workspace\BaseSummer\target\classes started by Administrator in D:\workspace\BaseSummer)
 2017/12/21-17:35 [main] INFO  com.base.web.SpingBootApplication- No active profile set, falling back to default profiles: default
 2017/12/21-17:35 [main] INFO  org.apache.catalina.core.StandardService- Starting service [Tomcat]
 2017/12/21-17:35 [main] INFO  org.apache.catalina.core.StandardEngine- Starting Servlet Engine: Apache Tomcat/8.5.23
 2017/12/21-17:35 [localhost-startStop-1] INFO  org.apache.catalina.core.ContainerBase.[Tomcat].[localhost].[/]- Initializing Spring embedded WebApplicationContext
 2017/12/21-17:35 [main] INFO  com.base.web.SpingBootApplication- Started SpingBootApplication in 6.497 seconds (JVM running for 7.294)
 2017/12/21-17:35 [http-nio-8080-exec-1] INFO  org.apache.catalina.core.ContainerBase.[Tomcat].[localhost].[/]- Initializing Spring FrameworkServlet 'dispatcherServlet'
 2017/12/21-17:35 [main] INFO  com.base.web.SpingBootApplication- Starting SpingBootApplication on A201705271754 with PID 9044 (D:\workspace\BaseSummer\target\classes started by Administrator in D:\workspace\BaseSummer)
 2017/12/21-17:35 [main] INFO  com.base.web.SpingBootApplication- No active profile set, falling back to default profiles: default
 2017/12/21-17:35 [main] INFO  org.apache.catalina.core.StandardService- Starting service [Tomcat]
 2017/12/21-17:35 [main] INFO  org.apache.catalina.core.StandardEngine- Starting Servlet Engine: Apache Tomcat/8.5.23
 2017/12/21-17:35 [localhost-startStop-1] INFO  org.apache.catalina.core.ContainerBase.[Tomcat].[localhost].[/]- Initializing Spring embedded WebApplicationContext
 2017/12/21-17:35 [main] INFO  com.base.web.SpingBootApplication- Started SpingBootApplication in 6.863 seconds (JVM running for 7.73)
 2017/12/21-17:35 [http-nio-8080-exec-1] INFO  org.apache.catalina.core.ContainerBase.[Tomcat].[localhost].[/]- Initializing Spring FrameworkServlet 'dispatcherServlet'
 