2017-12-21 18:01:32.755 DEBUG [main] o.s.w.c.s.StandardServletEnvironment - Adding PropertySource 'servletConfigInitParams' with lowest search precedence
2017-12-21 18:01:32.760 DEBUG [main] o.s.w.c.s.StandardServletEnvironment - Adding PropertySource 'servletContextInitParams' with lowest search precedence
2017-12-21 18:01:32.760 DEBUG [main] o.s.w.c.s.StandardServletEnvironment - Adding PropertySource 'systemProperties' with lowest search precedence
2017-12-21 18:01:32.760 DEBUG [main] o.s.w.c.s.StandardServletEnvironment - Adding PropertySource 'systemEnvironment' with lowest search precedence
2017-12-21 18:01:32.761 DEBUG [main] o.s.w.c.s.StandardServletEnvironment - Initialized StandardServletEnvironment with PropertySources [StubPropertySource {name='servletConfigInitParams'}, StubPropertySource {name='servletContextInitParams'}, MapPropertySource {name='systemProperties'}, SystemEnvironmentPropertySource {name='systemEnvironment'}]
2017-12-21 18:01:32.849 INFO  [main] com.base.web.SpingBootApplication - Starting SpingBootApplication on A201705271754 with PID 4680 (D:\workspace\BaseSummer\target\classes started by Administrator in D:\workspace\BaseSummer)
2017-12-21 18:01:32.851 INFO  [main] com.base.web.SpingBootApplication - No active profile set, falling back to default profiles: default
2017-12-21 18:01:32.995 INFO  [main] o.s.b.c.e.AnnotationConfigEmbeddedWebApplicationContext - Refreshing org.springframework.boot.context.embedded.AnnotationConfigEmbeddedWebApplicationContext@7dcf7147: startup date [Thu Dec 21 18:01:32 CST 2017]; root of context hierarchy
2017-12-21 18:01:34.522 INFO  [background-preinit] o.h.validator.internal.util.Version - HV000001: Hibernate Validator 5.3.6.Final
2017-12-21 18:01:35.254 DEBUG [main] o.s.w.c.s.StandardServletEnvironment - Adding PropertySource 'applicationConfig: [classpath:/application.properties]' with search precedence immediately lower than 'applicationConfigurationProperties'
2017-12-21 18:01:35.255 DEBUG [main] o.s.w.c.s.StandardServletEnvironment - Removing PropertySource 'applicationConfigurationProperties'
2017-12-21 18:01:35.255 DEBUG [main] o.s.w.c.s.StandardServletEnvironment - Removing PropertySource 'defaultProperties'
2017-12-21 18:01:36.369 INFO  [main] o.s.b.c.e.t.TomcatEmbeddedServletContainer - Tomcat initialized with port(s): 8080 (http)
2017-12-21 18:01:36.385 INFO  [main] o.a.catalina.core.StandardService - Starting service [Tomcat]
2017-12-21 18:01:36.387 INFO  [main] o.a.catalina.core.StandardEngine - Starting Servlet Engine: Apache Tomcat/8.5.23
2017-12-21 18:01:36.617 INFO  [localhost-startStop-1] o.a.c.c.C.[Tomcat].[localhost].[/] - Initializing Spring embedded WebApplicationContext
2017-12-21 18:01:36.617 DEBUG [localhost-startStop-1] o.s.web.context.ContextLoader - Published root WebApplicationContext as ServletContext attribute with name [org.springframework.web.context.WebApplicationContext.ROOT]
2017-12-21 18:01:36.617 INFO  [localhost-startStop-1] o.s.web.context.ContextLoader - Root WebApplicationContext: initialization completed in 3622 ms
2017-12-21 18:01:37.044 INFO  [localhost-startStop-1] o.s.b.w.s.ServletRegistrationBean - Mapping servlet: 'dispatcherServlet' to [/]
2017-12-21 18:01:37.054 INFO  [localhost-startStop-1] o.s.b.w.s.FilterRegistrationBean - Mapping filter: 'characterEncodingFilter' to: [/*]
2017-12-21 18:01:37.055 INFO  [localhost-startStop-1] o.s.b.w.s.FilterRegistrationBean - Mapping filter: 'hiddenHttpMethodFilter' to: [/*]
2017-12-21 18:01:37.056 INFO  [localhost-startStop-1] o.s.b.w.s.FilterRegistrationBean - Mapping filter: 'httpPutFormContentFilter' to: [/*]
2017-12-21 18:01:37.056 INFO  [localhost-startStop-1] o.s.b.w.s.FilterRegistrationBean - Mapping filter: 'requestContextFilter' to: [/*]
2017-12-21 18:01:37.143 DEBUG [main] o.s.w.c.s.StandardServletEnvironment - Replacing PropertySource 'servletContextInitParams' with 'servletContextInitParams'
2017-12-21 18:01:39.290 INFO  [main] o.s.w.s.m.m.a.RequestMappingHandlerAdapter - Looking for @ControllerAdvice: org.springframework.boot.context.embedded.AnnotationConfigEmbeddedWebApplicationContext@7dcf7147: startup date [Thu Dec 21 18:01:32 CST 2017]; root of context hierarchy
2017-12-21 18:01:39.395 DEBUG [main] o.s.w.s.m.m.a.RequestMappingHandlerMapping - Looking for request mappings in application context: org.springframework.boot.context.embedded.AnnotationConfigEmbeddedWebApplicationContext@7dcf7147: startup date [Thu Dec 21 18:01:32 CST 2017]; root of context hierarchy
2017-12-21 18:01:39.413 DEBUG [main] o.s.w.s.m.m.a.RequestMappingHandlerMapping - 1 request handler methods found on class com.base.web.controller.UserController: {public java.lang.String com.base.web.controller.UserController.getTest()={[/user/test],methods=[GET]}}
2017-12-21 18:01:39.414 INFO  [main] o.s.w.s.m.m.a.RequestMappingHandlerMapping - Mapped "{[/user/test],methods=[GET]}" onto public java.lang.String com.base.web.controller.UserController.getTest()
2017-12-21 18:01:39.419 DEBUG [main] o.s.w.s.m.m.a.RequestMappingHandlerMapping - 2 request handler methods found on class org.springframework.boot.autoconfigure.web.BasicErrorController: {public org.springframework.http.ResponseEntity org.springframework.boot.autoconfigure.web.BasicErrorController.error(javax.servlet.http.HttpServletRequest)={[/error]}, public org.springframework.web.servlet.ModelAndView org.springframework.boot.autoconfigure.web.BasicErrorController.errorHtml(javax.servlet.http.HttpServletRequest,javax.servlet.http.HttpServletResponse)={[/error],produces=[text/html]}}
2017-12-21 18:01:39.420 INFO  [main] o.s.w.s.m.m.a.RequestMappingHandlerMapping - Mapped "{[/error]}" onto public org.springframework.http.ResponseEntity<java.util.Map<java.lang.String, java.lang.Object>> org.springframework.boot.autoconfigure.web.BasicErrorController.error(javax.servlet.http.HttpServletRequest)
2017-12-21 18:01:39.421 INFO  [main] o.s.w.s.m.m.a.RequestMappingHandlerMapping - Mapped "{[/error],produces=[text/html]}" onto public org.springframework.web.servlet.ModelAndView org.springframework.boot.autoconfigure.web.BasicErrorController.errorHtml(javax.servlet.http.HttpServletRequest,javax.servlet.http.HttpServletResponse)
2017-12-21 18:01:39.458 DEBUG [main] o.s.w.s.h.BeanNameUrlHandlerMapping - Looking for URL mappings in application context: org.springframework.boot.context.embedded.AnnotationConfigEmbeddedWebApplicationContext@7dcf7147: startup date [Thu Dec 21 18:01:32 CST 2017]; root of context hierarchy
2017-12-21 18:01:39.458 DEBUG [main] o.s.w.s.h.BeanNameUrlHandlerMapping - Rejected bean name 'org.springframework.context.annotation.internalConfigurationAnnotationProcessor': no URL paths identified
2017-12-21 18:01:39.459 DEBUG [main] o.s.w.s.h.BeanNameUrlHandlerMapping - Rejected bean name 'org.springframework.context.annotation.internalAutowiredAnnotationProcessor': no URL paths identified
2017-12-21 18:01:39.459 DEBUG [main] o.s.w.s.h.BeanNameUrlHandlerMapping - Rejected bean name 'org.springframework.context.annotation.internalRequiredAnnotationProcessor': no URL paths identified
2017-12-21 18:01:39.459 DEBUG [main] o.s.w.s.h.BeanNameUrlHandlerMapping - Rejected bean name 'org.springframework.context.annotation.internalCommonAnnotationProcessor': no URL paths identified
2017-12-21 18:01:39.459 DEBUG [main] o.s.w.s.h.BeanNameUrlHandlerMapping - Rejected bean name 'org.springframework.context.event.internalEventListenerProcessor': no URL paths identified
2017-12-21 18:01:39.459 DEBUG [main] o.s.w.s.h.BeanNameUrlHandlerMapping - Rejected bean name 'org.springframework.context.event.internalEventListenerFactory': no URL paths identified
2017-12-21 18:01:39.459 DEBUG [main] o.s.w.s.h.BeanNameUrlHandlerMapping - Rejected bean name 'spingBootApplication': no URL paths identified
2017-12-21 18:01:39.459 DEBUG [main] o.s.w.s.h.BeanNameUrlHandlerMapping - Rejected bean name 'org.springframework.boot.autoconfigure.internalCachingMetadataReaderFactory': no URL paths identified
2017-12-21 18:01:39.459 DEBUG [main] o.s.w.s.h.BeanNameUrlHandlerMapping - Rejected bean name 'userController': no URL paths identified
2017-12-21 18:01:39.459 DEBUG [main] o.s.w.s.h.BeanNameUrlHandlerMapping - Rejected bean name 'userImpl': no URL paths identified
2017-12-21 18:01:39.459 DEBUG [main] o.s.w.s.h.BeanNameUrlHandlerMapping - Rejected bean name 'org.springframework.boot.autoconfigure.AutoConfigurationPackages': no URL paths identified
2017-12-21 18:01:39.459 DEBUG [main] o.s.w.s.h.BeanNameUrlHandlerMapping - Rejected bean name 'userDao': no URL paths identified
2017-12-21 18:01:39.459 DEBUG [main] o.s.w.s.h.BeanNameUrlHandlerMapping - Rejected bean name 'org.springframework.boot.autoconfigure.context.PropertyPlaceholderAutoConfiguration': no URL paths identified
2017-12-21 18:01:39.459 DEBUG [main] o.s.w.s.h.BeanNameUrlHandlerMapping - Rejected bean name 'org.springframework.boot.autoconfigure.condition.BeanTypeRegistry': no URL paths identified
2017-12-21 18:01:39.460 DEBUG [main] o.s.w.s.h.BeanNameUrlHandlerMapping - Rejected bean name 'propertySourcesPlaceholderConfigurer': no URL paths identified
2017-12-21 18:01:39.460 DEBUG [main] o.s.w.s.h.BeanNameUrlHandlerMapping - Rejected bean name 'org.springframework.boot.autoconfigure.jackson.JacksonAutoConfiguration$Jackson2ObjectMapperBuilderCustomizerConfiguration': no URL paths identified
2017-12-21 18:01:39.460 DEBUG [main] o.s.w.s.h.BeanNameUrlHandlerMapping - Rejected bean name 'standardJacksonObjectMapperBuilderCustomizer': no URL paths identified
2017-12-21 18:01:39.460 DEBUG [main] o.s.w.s.h.BeanNameUrlHandlerMapping - Rejected bean name 'spring.jackson-org.springframework.boot.autoconfigure.jackson.JacksonProperties': no URL paths identified
2017-12-21 18:01:39.460 DEBUG [main] o.s.w.s.h.BeanNameUrlHandlerMapping - Rejected bean name 'org.springframework.boot.context.properties.ConfigurationPropertiesBindingPostProcessor': no URL paths identified
2017-12-21 18:01:39.460 DEBUG [main] o.s.w.s.h.BeanNameUrlHandlerMapping - Rejected bean name 'org.springframework.boot.context.properties.ConfigurationPropertiesBindingPostProcessor.store': no URL paths identified
2017-12-21 18:01:39.460 DEBUG [main] o.s.w.s.h.BeanNameUrlHandlerMapping - Rejected bean name 'org.springframework.boot.autoconfigure.jackson.JacksonAutoConfiguration$JacksonObjectMapperBuilderConfiguration': no URL paths identified
2017-12-21 18:01:39.463 DEBUG [main] o.s.w.s.h.BeanNameUrlHandlerMapping - Rejected bean name 'jacksonObjectMapperBuilder': no URL paths identified
2017-12-21 18:01:39.463 DEBUG [main] o.s.w.s.h.BeanNameUrlHandlerMapping - Rejected bean name 'org.springframework.boot.autoconfigure.jackson.JacksonAutoConfiguration$JacksonObjectMapperConfiguration': no URL paths identified
2017-12-21 18:01:39.463 DEBUG [main] o.s.w.s.h.BeanNameUrlHandlerMapping - Rejected bean name 'jacksonObjectMapper': no URL paths identified
2017-12-21 18:01:39.463 DEBUG [main] o.s.w.s.h.BeanNameUrlHandlerMapping - Rejected bean name 'org.springframework.boot.autoconfigure.jackson.JacksonAutoConfiguration': no URL paths identified
2017-12-21 18:01:39.463 DEBUG [main] o.s.w.s.h.BeanNameUrlHandlerMapping - Rejected bean name 'jsonComponentModule': no URL paths identified
2017-12-21 18:01:39.463 DEBUG [main] o.s.w.s.h.BeanNameUrlHandlerMapping - Rejected bean name 'org.springframework.boot.autoconfigure.websocket.WebSocketAutoConfiguration$TomcatWebSocketConfiguration': no URL paths identified
2017-12-21 18:01:39.463 DEBUG [main] o.s.w.s.h.BeanNameUrlHandlerMapping - Rejected bean name 'websocketContainerCustomizer': no URL paths identified
2017-12-21 18:01:39.463 DEBUG [main] o.s.w.s.h.BeanNameUrlHandlerMapping - Rejected bean name 'org.springframework.boot.autoconfigure.websocket.WebSocketAutoConfiguration': no URL paths identified
2017-12-21 18:01:39.463 DEBUG [main] o.s.w.s.h.BeanNameUrlHandlerMapping - Rejected bean name 'org.springframework.boot.autoconfigure.web.EmbeddedServletContainerAutoConfiguration$EmbeddedTomcat': no URL paths identified
2017-12-21 18:01:39.463 DEBUG [main] o.s.w.s.h.BeanNameUrlHandlerMapping - Rejected bean name 'tomcatEmbeddedServletContainerFactory': no URL paths identified
2017-12-21 18:01:39.464 DEBUG [main] o.s.w.s.h.BeanNameUrlHandlerMapping - Rejected bean name 'org.springframework.boot.autoconfigure.web.EmbeddedServletContainerAutoConfiguration': no URL paths identified
2017-12-21 18:01:39.464 DEBUG [main] o.s.w.s.h.BeanNameUrlHandlerMapping - Rejected bean name 'embeddedServletContainerCustomizerBeanPostProcessor': no URL paths identified
2017-12-21 18:01:39.464 DEBUG [main] o.s.w.s.h.BeanNameUrlHandlerMapping - Rejected bean name 'errorPageRegistrarBeanPostProcessor': no URL paths identified
2017-12-21 18:01:39.464 DEBUG [main] o.s.w.s.h.BeanNameUrlHandlerMapping - Rejected bean name 'org.springframework.boot.autoconfigure.web.DispatcherServletAutoConfiguration$DispatcherServletConfiguration': no URL paths identified
2017-12-21 18:01:39.464 DEBUG [main] o.s.w.s.h.BeanNameUrlHandlerMapping - Rejected bean name 'dispatcherServlet': no URL paths identified
2017-12-21 18:01:39.464 DEBUG [main] o.s.w.s.h.BeanNameUrlHandlerMapping - Rejected bean name 'spring.mvc-org.springframework.boot.autoconfigure.web.WebMvcProperties': no URL paths identified
2017-12-21 18:01:39.464 DEBUG [main] o.s.w.s.h.BeanNameUrlHandlerMapping - Rejected bean name 'org.springframework.boot.autoconfigure.web.DispatcherServletAutoConfiguration$DispatcherServletRegistrationConfiguration': no URL paths identified
2017-12-21 18:01:39.464 DEBUG [main] o.s.w.s.h.BeanNameUrlHandlerMapping - Rejected bean name 'dispatcherServletRegistration': no URL paths identified
2017-12-21 18:01:39.464 DEBUG [main] o.s.w.s.h.BeanNameUrlHandlerMapping - Rejected bean name 'org.springframework.boot.autoconfigure.web.DispatcherServletAutoConfiguration': no URL paths identified
2017-12-21 18:01:39.464 DEBUG [main] o.s.w.s.h.BeanNameUrlHandlerMapping - Rejected bean name 'org.springframework.boot.autoconfigure.validation.ValidationAutoConfiguration': no URL paths identified
2017-12-21 18:01:39.464 DEBUG [main] o.s.w.s.h.BeanNameUrlHandlerMapping - Rejected bean name 'defaultValidator': no URL paths identified
2017-12-21 18:01:39.464 DEBUG [main] o.s.w.s.h.BeanNameUrlHandlerMapping - Rejected bean name 'methodValidationPostProcessor': no URL paths identified
2017-12-21 18:01:39.465 DEBUG [main] o.s.w.s.h.BeanNameUrlHandlerMapping - Rejected bean name 'org.springframework.boot.autoconfigure.web.ErrorMvcAutoConfiguration$WhitelabelErrorViewConfiguration': no URL paths identified
2017-12-21 18:01:39.465 DEBUG [main] o.s.w.s.h.BeanNameUrlHandlerMapping - Rejected bean name 'error': no URL paths identified
2017-12-21 18:01:39.465 DEBUG [main] o.s.w.s.h.BeanNameUrlHandlerMapping - Rejected bean name 'beanNameViewResolver': no URL paths identified
2017-12-21 18:01:39.465 DEBUG [main] o.s.w.s.h.BeanNameUrlHandlerMapping - Rejected bean name 'org.springframework.boot.autoconfigure.web.ErrorMvcAutoConfiguration$DefaultErrorViewResolverConfiguration': no URL paths identified
2017-12-21 18:01:39.465 DEBUG [main] o.s.w.s.h.BeanNameUrlHandlerMapping - Rejected bean name 'conventionErrorViewResolver': no URL paths identified
2017-12-21 18:01:39.465 DEBUG [main] o.s.w.s.h.BeanNameUrlHandlerMapping - Rejected bean name 'org.springframework.boot.autoconfigure.web.ErrorMvcAutoConfiguration': no URL paths identified
2017-12-21 18:01:39.465 DEBUG [main] o.s.w.s.h.BeanNameUrlHandlerMapping - Rejected bean name 'errorAttributes': no URL paths identified
2017-12-21 18:01:39.465 DEBUG [main] o.s.w.s.h.BeanNameUrlHandlerMapping - Rejected bean name 'basicErrorController': no URL paths identified
2017-12-21 18:01:39.465 DEBUG [main] o.s.w.s.h.BeanNameUrlHandlerMapping - Rejected bean name 'errorPageCustomizer': no URL paths identified
2017-12-21 18:01:39.465 DEBUG [main] o.s.w.s.h.BeanNameUrlHandlerMapping - Rejected bean name 'preserveErrorControllerTargetClassPostProcessor': no URL paths identified
2017-12-21 18:01:39.466 DEBUG [main] o.s.w.s.h.BeanNameUrlHandlerMapping - Rejected bean name 'spring.resources-org.springframework.boot.autoconfigure.web.ResourceProperties': no URL paths identified
2017-12-21 18:01:39.467 DEBUG [main] o.s.w.s.h.BeanNameUrlHandlerMapping - Rejected bean name 'org.springframework.boot.autoconfigure.web.WebMvcAutoConfiguration$EnableWebMvcConfiguration': no URL paths identified
2017-12-21 18:01:39.467 DEBUG [main] o.s.w.s.h.BeanNameUrlHandlerMapping - Rejected bean name 'requestMappingHandlerAdapter': no URL paths identified
2017-12-21 18:01:39.467 DEBUG [main] o.s.w.s.h.BeanNameUrlHandlerMapping - Rejected bean name 'requestMappingHandlerMapping': no URL paths identified
2017-12-21 18:01:39.467 DEBUG [main] o.s.w.s.h.BeanNameUrlHandlerMapping - Rejected bean name 'mvcValidator': no URL paths identified
2017-12-21 18:01:39.467 DEBUG [main] o.s.w.s.h.BeanNameUrlHandlerMapping - Rejected bean name 'mvcContentNegotiationManager': no URL paths identified
2017-12-21 18:01:39.468 DEBUG [main] o.s.w.s.h.BeanNameUrlHandlerMapping - Rejected bean name 'mvcPathMatcher': no URL paths identified
2017-12-21 18:01:39.468 DEBUG [main] o.s.w.s.h.BeanNameUrlHandlerMapping - Rejected bean name 'mvcUrlPathHelper': no URL paths identified
2017-12-21 18:01:39.468 DEBUG [main] o.s.w.s.h.BeanNameUrlHandlerMapping - Rejected bean name 'viewControllerHandlerMapping': no URL paths identified
2017-12-21 18:01:39.468 DEBUG [main] o.s.w.s.h.BeanNameUrlHandlerMapping - Rejected bean name 'beanNameHandlerMapping': no URL paths identified
2017-12-21 18:01:39.468 DEBUG [main] o.s.w.s.h.BeanNameUrlHandlerMapping - Rejected bean name 'resourceHandlerMapping': no URL paths identified
2017-12-21 18:01:39.468 DEBUG [main] o.s.w.s.h.BeanNameUrlHandlerMapping - Rejected bean name 'mvcResourceUrlProvider': no URL paths identified
2017-12-21 18:01:39.468 DEBUG [main] o.s.w.s.h.BeanNameUrlHandlerMapping - Rejected bean name 'defaultServletHandlerMapping': no URL paths identified
2017-12-21 18:01:39.468 DEBUG [main] o.s.w.s.h.BeanNameUrlHandlerMapping - Rejected bean name 'mvcConversionService': no URL paths identified
2017-12-21 18:01:39.468 DEBUG [main] o.s.w.s.h.BeanNameUrlHandlerMapping - Rejected bean name 'mvcUriComponentsContributor': no URL paths identified
2017-12-21 18:01:39.469 DEBUG [main] o.s.w.s.h.BeanNameUrlHandlerMapping - Rejected bean name 'httpRequestHandlerAdapter': no URL paths identified
2017-12-21 18:01:39.469 DEBUG [main] o.s.w.s.h.BeanNameUrlHandlerMapping - Rejected bean name 'simpleControllerHandlerAdapter': no URL paths identified
2017-12-21 18:01:39.469 DEBUG [main] o.s.w.s.h.BeanNameUrlHandlerMapping - Rejected bean name 'handlerExceptionResolver': no URL paths identified
2017-12-21 18:01:39.469 DEBUG [main] o.s.w.s.h.BeanNameUrlHandlerMapping - Rejected bean name 'mvcViewResolver': no URL paths identified
2017-12-21 18:01:39.469 DEBUG [main] o.s.w.s.h.BeanNameUrlHandlerMapping - Rejected bean name 'mvcHandlerMappingIntrospector': no URL paths identified
2017-12-21 18:01:39.469 DEBUG [main] o.s.w.s.h.BeanNameUrlHandlerMapping - Rejected bean name 'org.springframework.boot.autoconfigure.web.WebMvcAutoConfiguration$WebMvcAutoConfigurationAdapter$FaviconConfiguration': no URL paths identified
2017-12-21 18:01:39.469 DEBUG [main] o.s.w.s.h.BeanNameUrlHandlerMapping - Rejected bean name 'faviconHandlerMapping': no URL paths identified
2017-12-21 18:01:39.469 DEBUG [main] o.s.w.s.h.BeanNameUrlHandlerMapping - Rejected bean name 'faviconRequestHandler': no URL paths identified
2017-12-21 18:01:39.469 DEBUG [main] o.s.w.s.h.BeanNameUrlHandlerMapping - Rejected bean name 'org.springframework.boot.autoconfigure.web.WebMvcAutoConfiguration$WebMvcAutoConfigurationAdapter': no URL paths identified
2017-12-21 18:01:39.470 DEBUG [main] o.s.w.s.h.BeanNameUrlHandlerMapping - Rejected bean name 'defaultViewResolver': no URL paths identified
2017-12-21 18:01:39.470 DEBUG [main] o.s.w.s.h.BeanNameUrlHandlerMapping - Rejected bean name 'viewResolver': no URL paths identified
2017-12-21 18:01:39.470 DEBUG [main] o.s.w.s.h.BeanNameUrlHandlerMapping - Rejected bean name 'welcomePageHandlerMapping': no URL paths identified
2017-12-21 18:01:39.472 DEBUG [main] o.s.w.s.h.BeanNameUrlHandlerMapping - Rejected bean name 'requestContextFilter': no URL paths identified
2017-12-21 18:01:39.472 DEBUG [main] o.s.w.s.h.BeanNameUrlHandlerMapping - Rejected bean name 'org.springframework.boot.autoconfigure.web.WebMvcAutoConfiguration': no URL paths identified
2017-12-21 18:01:39.472 DEBUG [main] o.s.w.s.h.BeanNameUrlHandlerMapping - Rejected bean name 'hiddenHttpMethodFilter': no URL paths identified
2017-12-21 18:01:39.472 DEBUG [main] o.s.w.s.h.BeanNameUrlHandlerMapping - Rejected bean name 'httpPutFormContentFilter': no URL paths identified
2017-12-21 18:01:39.472 DEBUG [main] o.s.w.s.h.BeanNameUrlHandlerMapping - Rejected bean name 'org.springframework.boot.autoconfigure.jdbc.DataSourceConfiguration$Tomcat': no URL paths identified
2017-12-21 18:01:39.472 DEBUG [main] o.s.w.s.h.BeanNameUrlHandlerMapping - Rejected bean name 'dataSource': no URL paths identified
2017-12-21 18:01:39.472 DEBUG [main] o.s.w.s.h.BeanNameUrlHandlerMapping - Rejected bean name 'org.springframework.boot.autoconfigure.jdbc.DataSourceAutoConfiguration$PooledDataSourceConfiguration': no URL paths identified
2017-12-21 18:01:39.473 DEBUG [main] o.s.w.s.h.BeanNameUrlHandlerMapping - Rejected bean name 'org.springframework.boot.autoconfigure.jdbc.metadata.DataSourcePoolMetadataProvidersConfiguration$TomcatDataSourcePoolMetadataProviderConfiguration': no URL paths identified
2017-12-21 18:01:39.473 DEBUG [main] o.s.w.s.h.BeanNameUrlHandlerMapping - Rejected bean name 'tomcatPoolDataSourceMetadataProvider': no URL paths identified
2017-12-21 18:01:39.473 DEBUG [main] o.s.w.s.h.BeanNameUrlHandlerMapping - Rejected bean name 'org.springframework.boot.autoconfigure.jdbc.metadata.DataSourcePoolMetadataProvidersConfiguration': no URL paths identified
2017-12-21 18:01:39.473 DEBUG [main] o.s.w.s.h.BeanNameUrlHandlerMapping - Rejected bean name 'org.springframework.boot.autoconfigure.jdbc.DataSourceAutoConfiguration': no URL paths identified
2017-12-21 18:01:39.473 DEBUG [main] o.s.w.s.h.BeanNameUrlHandlerMapping - Rejected bean name 'dataSourceInitializer': no URL paths identified
2017-12-21 18:01:39.473 DEBUG [main] o.s.w.s.h.BeanNameUrlHandlerMapping - Rejected bean name 'spring.datasource-org.springframework.boot.autoconfigure.jdbc.DataSourceProperties': no URL paths identified
2017-12-21 18:01:39.473 DEBUG [main] o.s.w.s.h.BeanNameUrlHandlerMapping - Rejected bean name 'dataSourceInitializerPostProcessor': no URL paths identified
2017-12-21 18:01:39.473 DEBUG [main] o.s.w.s.h.BeanNameUrlHandlerMapping - Rejected bean name 'org.mybatis.spring.boot.autoconfigure.MybatisAutoConfiguration': no URL paths identified
2017-12-21 18:01:39.473 DEBUG [main] o.s.w.s.h.BeanNameUrlHandlerMapping - Rejected bean name 'sqlSessionFactory': no URL paths identified
2017-12-21 18:01:39.474 DEBUG [main] o.s.w.s.h.BeanNameUrlHandlerMapping - Rejected bean name 'sqlSessionTemplate': no URL paths identified
2017-12-21 18:01:39.474 DEBUG [main] o.s.w.s.h.BeanNameUrlHandlerMapping - Rejected bean name 'mybatis-org.mybatis.spring.boot.autoconfigure.MybatisProperties': no URL paths identified
2017-12-21 18:01:39.474 DEBUG [main] o.s.w.s.h.BeanNameUrlHandlerMapping - Rejected bean name 'org.springframework.boot.autoconfigure.jmx.JmxAutoConfiguration': no URL paths identified
2017-12-21 18:01:39.474 DEBUG [main] o.s.w.s.h.BeanNameUrlHandlerMapping - Rejected bean name 'mbeanExporter': no URL paths identified
2017-12-21 18:01:39.474 DEBUG [main] o.s.w.s.h.BeanNameUrlHandlerMapping - Rejected bean name 'objectNamingStrategy': no URL paths identified
2017-12-21 18:01:39.474 DEBUG [main] o.s.w.s.h.BeanNameUrlHandlerMapping - Rejected bean name 'mbeanServer': no URL paths identified
2017-12-21 18:01:39.474 DEBUG [main] o.s.w.s.h.BeanNameUrlHandlerMapping - Rejected bean name 'org.springframework.boot.autoconfigure.context.ConfigurationPropertiesAutoConfiguration': no URL paths identified
2017-12-21 18:01:39.474 DEBUG [main] o.s.w.s.h.BeanNameUrlHandlerMapping - Rejected bean name 'org.springframework.boot.autoconfigure.dao.PersistenceExceptionTranslationAutoConfiguration': no URL paths identified
2017-12-21 18:01:39.474 DEBUG [main] o.s.w.s.h.BeanNameUrlHandlerMapping - Rejected bean name 'persistenceExceptionTranslationPostProcessor': no URL paths identified
2017-12-21 18:01:39.474 DEBUG [main] o.s.w.s.h.BeanNameUrlHandlerMapping - Rejected bean name 'org.springframework.boot.autoconfigure.web.HttpMessageConvertersAutoConfiguration$StringHttpMessageConverterConfiguration': no URL paths identified
2017-12-21 18:01:39.475 DEBUG [main] o.s.w.s.h.BeanNameUrlHandlerMapping - Rejected bean name 'stringHttpMessageConverter': no URL paths identified
2017-12-21 18:01:39.475 DEBUG [main] o.s.w.s.h.BeanNameUrlHandlerMapping - Rejected bean name 'spring.http.encoding-org.springframework.boot.autoconfigure.web.HttpEncodingProperties': no URL paths identified
2017-12-21 18:01:39.475 DEBUG [main] o.s.w.s.h.BeanNameUrlHandlerMapping - Rejected bean name 'org.springframework.boot.autoconfigure.web.JacksonHttpMessageConvertersConfiguration$MappingJackson2HttpMessageConverterConfiguration': no URL paths identified
2017-12-21 18:01:39.475 DEBUG [main] o.s.w.s.h.BeanNameUrlHandlerMapping - Rejected bean name 'mappingJackson2HttpMessageConverter': no URL paths identified
2017-12-21 18:01:39.491 DEBUG [main] o.s.w.s.h.BeanNameUrlHandlerMapping - Rejected bean name 'org.springframework.boot.autoconfigure.web.JacksonHttpMessageConvertersConfiguration': no URL paths identified
2017-12-21 18:01:39.491 DEBUG [main] o.s.w.s.h.BeanNameUrlHandlerMapping - Rejected bean name 'org.springframework.boot.autoconfigure.web.HttpMessageConvertersAutoConfiguration': no URL paths identified
2017-12-21 18:01:39.491 DEBUG [main] o.s.w.s.h.BeanNameUrlHandlerMapping - Rejected bean name 'messageConverters': no URL paths identified
2017-12-21 18:01:39.491 DEBUG [main] o.s.w.s.h.BeanNameUrlHandlerMapping - Rejected bean name 'org.springframework.boot.autoconfigure.info.ProjectInfoAutoConfiguration': no URL paths identified
2017-12-21 18:01:39.492 DEBUG [main] o.s.w.s.h.BeanNameUrlHandlerMapping - Rejected bean name 'spring.info-org.springframework.boot.autoconfigure.info.ProjectInfoProperties': no URL paths identified
2017-12-21 18:01:39.492 DEBUG [main] o.s.w.s.h.BeanNameUrlHandlerMapping - Rejected bean name 'org.springframework.boot.autoconfigure.jdbc.DataSourceTransactionManagerAutoConfiguration$DataSourceTransactionManagerConfiguration': no URL paths identified
2017-12-21 18:01:39.492 DEBUG [main] o.s.w.s.h.BeanNameUrlHandlerMapping - Rejected bean name 'transactionManager': no URL paths identified
2017-12-21 18:01:39.492 DEBUG [main] o.s.w.s.h.BeanNameUrlHandlerMapping - Rejected bean name 'org.springframework.boot.autoconfigure.jdbc.DataSourceTransactionManagerAutoConfiguration': no URL paths identified
2017-12-21 18:01:39.492 DEBUG [main] o.s.w.s.h.BeanNameUrlHandlerMapping - Rejected bean name 'org.springframework.boot.autoconfigure.jdbc.JdbcTemplateAutoConfiguration': no URL paths identified
2017-12-21 18:01:39.492 DEBUG [main] o.s.w.s.h.BeanNameUrlHandlerMapping - Rejected bean name 'jdbcTemplate': no URL paths identified
2017-12-21 18:01:39.492 DEBUG [main] o.s.w.s.h.BeanNameUrlHandlerMapping - Rejected bean name 'namedParameterJdbcTemplate': no URL paths identified
2017-12-21 18:01:39.492 DEBUG [main] o.s.w.s.h.BeanNameUrlHandlerMapping - Rejected bean name 'org.springframework.transaction.annotation.ProxyTransactionManagementConfiguration': no URL paths identified
2017-12-21 18:01:39.492 DEBUG [main] o.s.w.s.h.BeanNameUrlHandlerMapping - Rejected bean name 'org.springframework.transaction.config.internalTransactionAdvisor': no URL paths identified
2017-12-21 18:01:39.493 DEBUG [main] o.s.w.s.h.BeanNameUrlHandlerMapping - Rejected bean name 'transactionAttributeSource': no URL paths identified
2017-12-21 18:01:39.493 DEBUG [main] o.s.w.s.h.BeanNameUrlHandlerMapping - Rejected bean name 'transactionInterceptor': no URL paths identified
2017-12-21 18:01:39.493 DEBUG [main] o.s.w.s.h.BeanNameUrlHandlerMapping - Rejected bean name 'org.springframework.transaction.config.internalTransactionalEventListenerFactory': no URL paths identified
2017-12-21 18:01:39.493 DEBUG [main] o.s.w.s.h.BeanNameUrlHandlerMapping - Rejected bean name 'org.springframework.boot.autoconfigure.transaction.TransactionAutoConfiguration$EnableTransactionManagementConfiguration$CglibAutoProxyConfiguration': no URL paths identified
2017-12-21 18:01:39.493 DEBUG [main] o.s.w.s.h.BeanNameUrlHandlerMapping - Rejected bean name 'org.springframework.aop.config.internalAutoProxyCreator': no URL paths identified
2017-12-21 18:01:39.493 DEBUG [main] o.s.w.s.h.BeanNameUrlHandlerMapping - Rejected bean name 'org.springframework.boot.autoconfigure.transaction.TransactionAutoConfiguration$EnableTransactionManagementConfiguration': no URL paths identified
2017-12-21 18:01:39.493 DEBUG [main] o.s.w.s.h.BeanNameUrlHandlerMapping - Rejected bean name 'org.springframework.boot.autoconfigure.transaction.TransactionAutoConfiguration$TransactionTemplateConfiguration': no URL paths identified
2017-12-21 18:01:39.493 DEBUG [main] o.s.w.s.h.BeanNameUrlHandlerMapping - Rejected bean name 'transactionTemplate': no URL paths identified
2017-12-21 18:01:39.493 DEBUG [main] o.s.w.s.h.BeanNameUrlHandlerMapping - Rejected bean name 'org.springframework.boot.autoconfigure.transaction.TransactionAutoConfiguration': no URL paths identified
2017-12-21 18:01:39.495 DEBUG [main] o.s.w.s.h.BeanNameUrlHandlerMapping - Rejected bean name 'platformTransactionManagerCustomizers': no URL paths identified
2017-12-21 18:01:39.496 DEBUG [main] o.s.w.s.h.BeanNameUrlHandlerMapping - Rejected bean name 'spring.transaction-org.springframework.boot.autoconfigure.transaction.TransactionProperties': no URL paths identified
2017-12-21 18:01:39.496 DEBUG [main] o.s.w.s.h.BeanNameUrlHandlerMapping - Rejected bean name 'org.springframework.boot.autoconfigure.web.HttpEncodingAutoConfiguration': no URL paths identified
2017-12-21 18:01:39.496 DEBUG [main] o.s.w.s.h.BeanNameUrlHandlerMapping - Rejected bean name 'characterEncodingFilter': no URL paths identified
2017-12-21 18:01:39.496 DEBUG [main] o.s.w.s.h.BeanNameUrlHandlerMapping - Rejected bean name 'localeCharsetMappingsCustomizer': no URL paths identified
2017-12-21 18:01:39.496 DEBUG [main] o.s.w.s.h.BeanNameUrlHandlerMapping - Rejected bean name 'org.springframework.boot.autoconfigure.web.MultipartAutoConfiguration': no URL paths identified
2017-12-21 18:01:39.496 DEBUG [main] o.s.w.s.h.BeanNameUrlHandlerMapping - Rejected bean name 'multipartConfigElement': no URL paths identified
2017-12-21 18:01:39.496 DEBUG [main] o.s.w.s.h.BeanNameUrlHandlerMapping - Rejected bean name 'multipartResolver': no URL paths identified
2017-12-21 18:01:39.496 DEBUG [main] o.s.w.s.h.BeanNameUrlHandlerMapping - Rejected bean name 'spring.http.multipart-org.springframework.boot.autoconfigure.web.MultipartProperties': no URL paths identified
2017-12-21 18:01:39.496 DEBUG [main] o.s.w.s.h.BeanNameUrlHandlerMapping - Rejected bean name 'org.springframework.boot.autoconfigure.web.ServerPropertiesAutoConfiguration': no URL paths identified
2017-12-21 18:01:39.496 DEBUG [main] o.s.w.s.h.BeanNameUrlHandlerMapping - Rejected bean name 'serverProperties': no URL paths identified
2017-12-21 18:01:39.497 DEBUG [main] o.s.w.s.h.BeanNameUrlHandlerMapping - Rejected bean name 'duplicateServerPropertiesDetector': no URL paths identified
2017-12-21 18:01:39.497 DEBUG [main] o.s.w.s.h.BeanNameUrlHandlerMapping - Rejected bean name 'org.springframework.boot.autoconfigure.web.WebClientAutoConfiguration$RestTemplateConfiguration': no URL paths identified
2017-12-21 18:01:39.497 DEBUG [main] o.s.w.s.h.BeanNameUrlHandlerMapping - Rejected bean name 'restTemplateBuilder': no URL paths identified
2017-12-21 18:01:39.497 DEBUG [main] o.s.w.s.h.BeanNameUrlHandlerMapping - Rejected bean name 'org.springframework.boot.autoconfigure.web.WebClientAutoConfiguration': no URL paths identified
2017-12-21 18:01:39.497 DEBUG [main] o.s.w.s.h.BeanNameUrlHandlerMapping - Rejected bean name 'autoConfigurationReport': no URL paths identified
2017-12-21 18:01:39.497 DEBUG [main] o.s.w.s.h.BeanNameUrlHandlerMapping - Rejected bean name 'springApplicationArguments': no URL paths identified
2017-12-21 18:01:39.497 DEBUG [main] o.s.w.s.h.BeanNameUrlHandlerMapping - Rejected bean name 'springBootBanner': no URL paths identified
2017-12-21 18:01:39.497 DEBUG [main] o.s.w.s.h.BeanNameUrlHandlerMapping - Rejected bean name 'springBootLoggingSystem': no URL paths identified
2017-12-21 18:01:39.497 DEBUG [main] o.s.w.s.h.BeanNameUrlHandlerMapping - Rejected bean name 'environment': no URL paths identified
2017-12-21 18:01:39.498 DEBUG [main] o.s.w.s.h.BeanNameUrlHandlerMapping - Rejected bean name 'systemProperties': no URL paths identified
2017-12-21 18:01:39.498 DEBUG [main] o.s.w.s.h.BeanNameUrlHandlerMapping - Rejected bean name 'systemEnvironment': no URL paths identified
2017-12-21 18:01:39.498 DEBUG [main] o.s.w.s.h.BeanNameUrlHandlerMapping - Rejected bean name 'org.springframework.context.annotation.ConfigurationClassPostProcessor.importRegistry': no URL paths identified
2017-12-21 18:01:39.498 DEBUG [main] o.s.w.s.h.BeanNameUrlHandlerMapping - Rejected bean name 'messageSource': no URL paths identified
2017-12-21 18:01:39.498 DEBUG [main] o.s.w.s.h.BeanNameUrlHandlerMapping - Rejected bean name 'applicationEventMulticaster': no URL paths identified
2017-12-21 18:01:39.498 DEBUG [main] o.s.w.s.h.BeanNameUrlHandlerMapping - Rejected bean name 'servletContext': no URL paths identified
2017-12-21 18:01:39.499 DEBUG [main] o.s.w.s.h.BeanNameUrlHandlerMapping - Rejected bean name 'contextParameters': no URL paths identified
2017-12-21 18:01:39.499 DEBUG [main] o.s.w.s.h.BeanNameUrlHandlerMapping - Rejected bean name 'contextAttributes': no URL paths identified
2017-12-21 18:01:39.529 INFO  [main] o.s.w.s.h.SimpleUrlHandlerMapping - Mapped URL path [/webjars/**] onto handler of type [class org.springframework.web.servlet.resource.ResourceHttpRequestHandler]
2017-12-21 18:01:39.529 INFO  [main] o.s.w.s.h.SimpleUrlHandlerMapping - Mapped URL path [/**] onto handler of type [class org.springframework.web.servlet.resource.ResourceHttpRequestHandler]
2017-12-21 18:01:39.567 DEBUG [main] o.s.w.s.m.m.a.ExceptionHandlerExceptionResolver - Looking for exception mappings: org.springframework.boot.context.embedded.AnnotationConfigEmbeddedWebApplicationContext@7dcf7147: startup date [Thu Dec 21 18:01:32 CST 2017]; root of context hierarchy
2017-12-21 18:01:39.654 INFO  [main] o.s.w.s.h.SimpleUrlHandlerMapping - Mapped URL path [/**/favicon.ico] onto handler of type [class org.springframework.web.servlet.resource.ResourceHttpRequestHandler]
2017-12-21 18:01:40.291 INFO  [main] o.s.j.e.a.AnnotationMBeanExporter - Registering beans for JMX exposure on startup
2017-12-21 18:01:40.312 DEBUG [main] o.s.w.s.resource.ResourceUrlProvider - Looking for resource handler mappings
2017-12-21 18:01:40.313 DEBUG [main] o.s.w.s.resource.ResourceUrlProvider - Found resource handler mapping: URL pattern="/**/favicon.ico", locations=[ServletContext resource [/], class path resource [META-INF/resources/], class path resource [resources/], class path resource [static/], class path resource [public/], class path resource []], resolvers=[org.springframework.web.servlet.resource.PathResourceResolver@45eb0eac]
2017-12-21 18:01:40.314 DEBUG [main] o.s.w.s.resource.ResourceUrlProvider - Found resource handler mapping: URL pattern="/webjars/**", locations=[class path resource [META-INF/resources/webjars/]], resolvers=[org.springframework.web.servlet.resource.PathResourceResolver@4b106210]
2017-12-21 18:01:40.314 DEBUG [main] o.s.w.s.resource.ResourceUrlProvider - Found resource handler mapping: URL pattern="/**", locations=[ServletContext resource [/], class path resource [META-INF/resources/], class path resource [resources/], class path resource [static/], class path resource [public/]], resolvers=[org.springframework.web.servlet.resource.PathResourceResolver@20962ef0]
2017-12-21 18:01:40.322 INFO  [main] o.a.coyote.http11.Http11NioProtocol - Initializing ProtocolHandler ["http-nio-8080"]
2017-12-21 18:01:40.338 INFO  [main] o.a.coyote.http11.Http11NioProtocol - Starting ProtocolHandler ["http-nio-8080"]
2017-12-21 18:01:40.355 INFO  [main] o.a.tomcat.util.net.NioSelectorPool - Using a shared selector for servlet write/read
2017-12-21 18:01:40.378 INFO  [main] o.s.b.c.e.t.TomcatEmbeddedServletContainer - Tomcat started on port(s): 8080 (http)
2017-12-21 18:01:40.379 DEBUG [main] o.s.w.c.s.StandardServletEnvironment - Adding PropertySource 'server.ports' with highest search precedence
2017-12-21 18:01:40.385 INFO  [main] com.base.web.SpingBootApplication - Started SpingBootApplication in 8.383 seconds (JVM running for 9.03)
2017-12-21 18:01:54.659 DEBUG [http-nio-8080-exec-1] o.s.web.servlet.DispatcherServlet - Initializing servlet 'dispatcherServlet'
2017-12-21 18:01:54.660 INFO  [http-nio-8080-exec-1] o.a.c.c.C.[Tomcat].[localhost].[/] - Initializing Spring FrameworkServlet 'dispatcherServlet'
2017-12-21 18:01:54.661 INFO  [http-nio-8080-exec-1] o.s.web.servlet.DispatcherServlet - FrameworkServlet 'dispatcherServlet': initialization started
2017-12-21 18:01:54.661 DEBUG [http-nio-8080-exec-1] o.s.web.servlet.DispatcherServlet - Using MultipartResolver [org.springframework.web.multipart.support.StandardServletMultipartResolver@3a05f913]
2017-12-21 18:01:54.667 DEBUG [http-nio-8080-exec-1] o.s.web.servlet.DispatcherServlet - Unable to locate LocaleResolver with name 'localeResolver': using default [org.springframework.web.servlet.i18n.AcceptHeaderLocaleResolver@dc9b684]
2017-12-21 18:01:54.673 DEBUG [http-nio-8080-exec-1] o.s.web.servlet.DispatcherServlet - Unable to locate ThemeResolver with name 'themeResolver': using default [org.springframework.web.servlet.theme.FixedThemeResolver@7a55d547]
2017-12-21 18:01:54.680 DEBUG [http-nio-8080-exec-1] o.s.web.servlet.DispatcherServlet - Unable to locate RequestToViewNameTranslator with name 'viewNameTranslator': using default [org.springframework.web.servlet.view.DefaultRequestToViewNameTranslator@7e4877a0]
2017-12-21 18:01:54.693 DEBUG [http-nio-8080-exec-1] o.s.web.servlet.DispatcherServlet - Unable to locate FlashMapManager with name 'flashMapManager': using default [org.springframework.web.servlet.support.SessionFlashMapManager@a614c70]
2017-12-21 18:01:54.694 DEBUG [http-nio-8080-exec-1] o.s.web.servlet.DispatcherServlet - Published WebApplicationContext of servlet 'dispatcherServlet' as ServletContext attribute with name [org.springframework.web.servlet.FrameworkServlet.CONTEXT.dispatcherServlet]
2017-12-21 18:01:54.694 INFO  [http-nio-8080-exec-1] o.s.web.servlet.DispatcherServlet - FrameworkServlet 'dispatcherServlet': initialization completed in 33 ms
2017-12-21 18:01:54.694 DEBUG [http-nio-8080-exec-1] o.s.web.servlet.DispatcherServlet - Servlet 'dispatcherServlet' configured successfully
2017-12-21 18:01:54.727 DEBUG [http-nio-8080-exec-1] o.s.web.servlet.DispatcherServlet - DispatcherServlet with name 'dispatcherServlet' processing GET request for [/user/test]
2017-12-21 18:01:54.732 DEBUG [http-nio-8080-exec-1] o.s.w.s.m.m.a.RequestMappingHandlerMapping - Looking up handler method for path /user/test
2017-12-21 18:01:54.737 DEBUG [http-nio-8080-exec-1] o.s.w.s.m.m.a.RequestMappingHandlerMapping - Returning handler method [public java.lang.String com.base.web.controller.UserController.getTest()]
2017-12-21 18:01:54.737 DEBUG [http-nio-8080-exec-1] o.s.web.servlet.DispatcherServlet - Last-Modified value for [/user/test] is: -1
2017-12-21 18:01:55.292 DEBUG [http-nio-8080-exec-1] o.s.w.s.m.m.a.RequestResponseBodyMethodProcessor - Written [User{id=2102, name='IT支撑管理员'}] as "text/html" using [org.springframework.http.converter.StringHttpMessageConverter@5a710cba]
2017-12-21 18:01:55.293 DEBUG [http-nio-8080-exec-1] o.s.web.servlet.DispatcherServlet - Null ModelAndView returned to DispatcherServlet with name 'dispatcherServlet': assuming HandlerAdapter completed request handling
2017-12-21 18:01:55.293 DEBUG [http-nio-8080-exec-1] o.s.web.servlet.DispatcherServlet - Successfully completed request
2017-12-21 18:01:55.305 DEBUG [http-nio-8080-exec-2] o.s.web.servlet.DispatcherServlet - DispatcherServlet with name 'dispatcherServlet' processing GET request for [/favicon.ico]
2017-12-21 18:01:55.306 DEBUG [http-nio-8080-exec-2] o.s.w.s.h.SimpleUrlHandlerMapping - Matching patterns for request [/favicon.ico] are [/**/favicon.ico]
2017-12-21 18:01:55.307 DEBUG [http-nio-8080-exec-2] o.s.w.s.h.SimpleUrlHandlerMapping - URI Template variables for request [/favicon.ico] are {}
2017-12-21 18:01:55.309 DEBUG [http-nio-8080-exec-2] o.s.w.s.h.SimpleUrlHandlerMapping - Mapping [/favicon.ico] to HandlerExecutionChain with handler [ResourceHttpRequestHandler [locations=[ServletContext resource [/], class path resource [META-INF/resources/], class path resource [resources/], class path resource [static/], class path resource [public/], class path resource []], resolvers=[org.springframework.web.servlet.resource.PathResourceResolver@45eb0eac]]] and 1 interceptor
2017-12-21 18:01:55.310 DEBUG [http-nio-8080-exec-2] o.s.web.servlet.DispatcherServlet - Last-Modified value for [/favicon.ico] is: -1
2017-12-21 18:01:55.321 DEBUG [http-nio-8080-exec-2] o.s.web.servlet.DispatcherServlet - Null ModelAndView returned to DispatcherServlet with name 'dispatcherServlet': assuming HandlerAdapter completed request handling
2017-12-21 18:01:55.321 DEBUG [http-nio-8080-exec-2] o.s.web.servlet.DispatcherServlet - Successfully completed request
2017-12-21 18:03:06.481 DEBUG [http-nio-8080-exec-4] o.s.web.servlet.DispatcherServlet - DispatcherServlet with name 'dispatcherServlet' processing GET request for [/user/test]
2017-12-21 18:03:06.483 DEBUG [http-nio-8080-exec-4] o.s.w.s.m.m.a.RequestMappingHandlerMapping - Looking up handler method for path /user/test
2017-12-21 18:03:06.483 DEBUG [http-nio-8080-exec-4] o.s.w.s.m.m.a.RequestMappingHandlerMapping - Returning handler method [public java.lang.String com.base.web.controller.UserController.getTest()]
2017-12-21 18:03:06.484 DEBUG [http-nio-8080-exec-4] o.s.web.servlet.DispatcherServlet - Last-Modified value for [/user/test] is: -1
2017-12-21 18:03:06.500 DEBUG [http-nio-8080-exec-4] o.s.w.s.m.m.a.RequestResponseBodyMethodProcessor - Written [User{id=2102, name='IT支撑管理员'}] as "text/html" using [org.springframework.http.converter.StringHttpMessageConverter@5a710cba]
2017-12-21 18:03:06.501 DEBUG [http-nio-8080-exec-4] o.s.web.servlet.DispatcherServlet - Null ModelAndView returned to DispatcherServlet with name 'dispatcherServlet': assuming HandlerAdapter completed request handling
2017-12-21 18:03:06.501 DEBUG [http-nio-8080-exec-4] o.s.web.servlet.DispatcherServlet - Successfully completed request
2017-12-21 18:03:06.515 DEBUG [http-nio-8080-exec-6] o.s.web.servlet.DispatcherServlet - DispatcherServlet with name 'dispatcherServlet' processing GET request for [/favicon.ico]
2017-12-21 18:03:06.516 DEBUG [http-nio-8080-exec-6] o.s.w.s.h.SimpleUrlHandlerMapping - Matching patterns for request [/favicon.ico] are [/**/favicon.ico]
2017-12-21 18:03:06.516 DEBUG [http-nio-8080-exec-6] o.s.w.s.h.SimpleUrlHandlerMapping - URI Template variables for request [/favicon.ico] are {}
2017-12-21 18:03:06.516 DEBUG [http-nio-8080-exec-6] o.s.w.s.h.SimpleUrlHandlerMapping - Mapping [/favicon.ico] to HandlerExecutionChain with handler [ResourceHttpRequestHandler [locations=[ServletContext resource [/], class path resource [META-INF/resources/], class path resource [resources/], class path resource [static/], class path resource [public/], class path resource []], resolvers=[org.springframework.web.servlet.resource.PathResourceResolver@45eb0eac]]] and 1 interceptor
2017-12-21 18:03:06.516 DEBUG [http-nio-8080-exec-6] o.s.web.servlet.DispatcherServlet - Last-Modified value for [/favicon.ico] is: -1
2017-12-21 18:03:06.521 DEBUG [http-nio-8080-exec-6] o.s.web.servlet.DispatcherServlet - Null ModelAndView returned to DispatcherServlet with name 'dispatcherServlet': assuming HandlerAdapter completed request handling
2017-12-21 18:03:06.521 DEBUG [http-nio-8080-exec-6] o.s.web.servlet.DispatcherServlet - Successfully completed request
2017-12-21 21:04:40.513 DEBUG [http-nio-8080-exec-9] o.s.web.servlet.DispatcherServlet - DispatcherServlet with name 'dispatcherServlet' processing GET request for [/user/test]
2017-12-21 21:04:40.513 DEBUG [http-nio-8080-exec-9] o.s.w.s.m.m.a.RequestMappingHandlerMapping - Looking up handler method for path /user/test
2017-12-21 21:04:40.514 DEBUG [http-nio-8080-exec-9] o.s.w.s.m.m.a.RequestMappingHandlerMapping - Returning handler method [public java.lang.String com.base.web.controller.UserController.getTest()]
2017-12-21 21:04:40.514 DEBUG [http-nio-8080-exec-9] o.s.web.servlet.DispatcherServlet - Last-Modified value for [/user/test] is: -1
2017-12-21 21:04:40.554 DEBUG [http-nio-8080-exec-9] o.s.w.s.m.m.a.RequestResponseBodyMethodProcessor - Written [User{id=2102, name='IT支撑管理员'}] as "text/html" using [org.springframework.http.converter.StringHttpMessageConverter@5a710cba]
2017-12-21 21:04:40.554 DEBUG [http-nio-8080-exec-9] o.s.web.servlet.DispatcherServlet - Null ModelAndView returned to DispatcherServlet with name 'dispatcherServlet': assuming HandlerAdapter completed request handling
2017-12-21 21:04:40.554 DEBUG [http-nio-8080-exec-9] o.s.web.servlet.DispatcherServlet - Successfully completed request
2017-12-21 21:04:40.566 DEBUG [http-nio-8080-exec-10] o.s.web.servlet.DispatcherServlet - DispatcherServlet with name 'dispatcherServlet' processing GET request for [/favicon.ico]
2017-12-21 21:04:40.566 DEBUG [http-nio-8080-exec-10] o.s.w.s.h.SimpleUrlHandlerMapping - Matching patterns for request [/favicon.ico] are [/**/favicon.ico]
2017-12-21 21:04:40.566 DEBUG [http-nio-8080-exec-10] o.s.w.s.h.SimpleUrlHandlerMapping - URI Template variables for request [/favicon.ico] are {}
2017-12-21 21:04:40.567 DEBUG [http-nio-8080-exec-10] o.s.w.s.h.SimpleUrlHandlerMapping - Mapping [/favicon.ico] to HandlerExecutionChain with handler [ResourceHttpRequestHandler [locations=[ServletContext resource [/], class path resource [META-INF/resources/], class path resource [resources/], class path resource [static/], class path resource [public/], class path resource []], resolvers=[org.springframework.web.servlet.resource.PathResourceResolver@45eb0eac]]] and 1 interceptor
2017-12-21 21:04:40.567 DEBUG [http-nio-8080-exec-10] o.s.web.servlet.DispatcherServlet - Last-Modified value for [/favicon.ico] is: -1
2017-12-21 21:04:40.572 DEBUG [http-nio-8080-exec-10] o.s.web.servlet.DispatcherServlet - Null ModelAndView returned to DispatcherServlet with name 'dispatcherServlet': assuming HandlerAdapter completed request handling
2017-12-21 21:04:40.572 DEBUG [http-nio-8080-exec-10] o.s.web.servlet.DispatcherServlet - Successfully completed request
2017-12-21 21:04:40.998 DEBUG [http-nio-8080-exec-1] o.s.web.servlet.DispatcherServlet - DispatcherServlet with name 'dispatcherServlet' processing GET request for [/user/test]
2017-12-21 21:04:40.998 DEBUG [http-nio-8080-exec-1] o.s.w.s.m.m.a.RequestMappingHandlerMapping - Looking up handler method for path /user/test
2017-12-21 21:04:40.999 DEBUG [http-nio-8080-exec-1] o.s.w.s.m.m.a.RequestMappingHandlerMapping - Returning handler method [public java.lang.String com.base.web.controller.UserController.getTest()]
2017-12-21 21:04:40.999 DEBUG [http-nio-8080-exec-1] o.s.web.servlet.DispatcherServlet - Last-Modified value for [/user/test] is: -1
2017-12-21 21:04:41.009 DEBUG [http-nio-8080-exec-1] o.s.w.s.m.m.a.RequestResponseBodyMethodProcessor - Written [User{id=2102, name='IT支撑管理员'}] as "text/html" using [org.springframework.http.converter.StringHttpMessageConverter@5a710cba]
2017-12-21 21:04:41.010 DEBUG [http-nio-8080-exec-1] o.s.web.servlet.DispatcherServlet - Null ModelAndView returned to DispatcherServlet with name 'dispatcherServlet': assuming HandlerAdapter completed request handling
2017-12-21 21:04:41.010 DEBUG [http-nio-8080-exec-1] o.s.web.servlet.DispatcherServlet - Successfully completed request
2017-12-21 21:04:41.033 DEBUG [http-nio-8080-exec-2] o.s.web.servlet.DispatcherServlet - DispatcherServlet with name 'dispatcherServlet' processing GET request for [/favicon.ico]
2017-12-21 21:04:41.033 DEBUG [http-nio-8080-exec-2] o.s.w.s.h.SimpleUrlHandlerMapping - Matching patterns for request [/favicon.ico] are [/**/favicon.ico]
2017-12-21 21:04:41.034 DEBUG [http-nio-8080-exec-2] o.s.w.s.h.SimpleUrlHandlerMapping - URI Template variables for request [/favicon.ico] are {}
2017-12-21 21:04:41.034 DEBUG [http-nio-8080-exec-2] o.s.w.s.h.SimpleUrlHandlerMapping - Mapping [/favicon.ico] to HandlerExecutionChain with handler [ResourceHttpRequestHandler [locations=[ServletContext resource [/], class path resource [META-INF/resources/], class path resource [resources/], class path resource [static/], class path resource [public/], class path resource []], resolvers=[org.springframework.web.servlet.resource.PathResourceResolver@45eb0eac]]] and 1 interceptor
2017-12-21 21:04:41.034 DEBUG [http-nio-8080-exec-2] o.s.web.servlet.DispatcherServlet - Last-Modified value for [/favicon.ico] is: -1
2017-12-21 21:04:41.038 DEBUG [http-nio-8080-exec-2] o.s.web.servlet.DispatcherServlet - Null ModelAndView returned to DispatcherServlet with name 'dispatcherServlet': assuming HandlerAdapter completed request handling
2017-12-21 21:04:41.038 DEBUG [http-nio-8080-exec-2] o.s.web.servlet.DispatcherServlet - Successfully completed request
2017-12-21 21:04:41.174 DEBUG [http-nio-8080-exec-3] o.s.web.servlet.DispatcherServlet - DispatcherServlet with name 'dispatcherServlet' processing GET request for [/user/test]
2017-12-21 21:04:41.174 DEBUG [http-nio-8080-exec-3] o.s.w.s.m.m.a.RequestMappingHandlerMapping - Looking up handler method for path /user/test
2017-12-21 21:04:41.175 DEBUG [http-nio-8080-exec-3] o.s.w.s.m.m.a.RequestMappingHandlerMapping - Returning handler method [public java.lang.String com.base.web.controller.UserController.getTest()]
2017-12-21 21:04:41.175 DEBUG [http-nio-8080-exec-3] o.s.web.servlet.DispatcherServlet - Last-Modified value for [/user/test] is: -1
2017-12-21 21:04:41.186 DEBUG [http-nio-8080-exec-3] o.s.w.s.m.m.a.RequestResponseBodyMethodProcessor - Written [User{id=2102, name='IT支撑管理员'}] as "text/html" using [org.springframework.http.converter.StringHttpMessageConverter@5a710cba]
2017-12-21 21:04:41.187 DEBUG [http-nio-8080-exec-3] o.s.web.servlet.DispatcherServlet - Null ModelAndView returned to DispatcherServlet with name 'dispatcherServlet': assuming HandlerAdapter completed request handling
2017-12-21 21:04:41.187 DEBUG [http-nio-8080-exec-3] o.s.web.servlet.DispatcherServlet - Successfully completed request
2017-12-21 21:04:41.212 DEBUG [http-nio-8080-exec-5] o.s.web.servlet.DispatcherServlet - DispatcherServlet with name 'dispatcherServlet' processing GET request for [/favicon.ico]
2017-12-21 21:04:41.212 DEBUG [http-nio-8080-exec-5] o.s.w.s.h.SimpleUrlHandlerMapping - Matching patterns for request [/favicon.ico] are [/**/favicon.ico]
2017-12-21 21:04:41.213 DEBUG [http-nio-8080-exec-5] o.s.w.s.h.SimpleUrlHandlerMapping - URI Template variables for request [/favicon.ico] are {}
2017-12-21 21:04:41.213 DEBUG [http-nio-8080-exec-5] o.s.w.s.h.SimpleUrlHandlerMapping - Mapping [/favicon.ico] to HandlerExecutionChain with handler [ResourceHttpRequestHandler [locations=[ServletContext resource [/], class path resource [META-INF/resources/], class path resource [resources/], class path resource [static/], class path resource [public/], class path resource []], resolvers=[org.springframework.web.servlet.resource.PathResourceResolver@45eb0eac]]] and 1 interceptor
2017-12-21 21:04:41.213 DEBUG [http-nio-8080-exec-5] o.s.web.servlet.DispatcherServlet - Last-Modified value for [/favicon.ico] is: -1
2017-12-21 21:04:41.217 DEBUG [http-nio-8080-exec-5] o.s.web.servlet.DispatcherServlet - Null ModelAndView returned to DispatcherServlet with name 'dispatcherServlet': assuming HandlerAdapter completed request handling
2017-12-21 21:04:41.217 DEBUG [http-nio-8080-exec-5] o.s.web.servlet.DispatcherServlet - Successfully completed request
2017-12-21 21:04:41.364 DEBUG [http-nio-8080-exec-4] o.s.web.servlet.DispatcherServlet - DispatcherServlet with name 'dispatcherServlet' processing GET request for [/user/test]
2017-12-21 21:04:41.365 DEBUG [http-nio-8080-exec-4] o.s.w.s.m.m.a.RequestMappingHandlerMapping - Looking up handler method for path /user/test
2017-12-21 21:04:41.367 DEBUG [http-nio-8080-exec-4] o.s.w.s.m.m.a.RequestMappingHandlerMapping - Returning handler method [public java.lang.String com.base.web.controller.UserController.getTest()]
2017-12-21 21:04:41.368 DEBUG [http-nio-8080-exec-4] o.s.web.servlet.DispatcherServlet - Last-Modified value for [/user/test] is: -1
2017-12-21 21:04:41.384 DEBUG [http-nio-8080-exec-4] o.s.w.s.m.m.a.RequestResponseBodyMethodProcessor - Written [User{id=2102, name='IT支撑管理员'}] as "text/html" using [org.springframework.http.converter.StringHttpMessageConverter@5a710cba]
2017-12-21 21:04:41.385 DEBUG [http-nio-8080-exec-4] o.s.web.servlet.DispatcherServlet - Null ModelAndView returned to DispatcherServlet with name 'dispatcherServlet': assuming HandlerAdapter completed request handling
2017-12-21 21:04:41.385 DEBUG [http-nio-8080-exec-4] o.s.web.servlet.DispatcherServlet - Successfully completed request
2017-12-21 21:04:41.399 DEBUG [http-nio-8080-exec-6] o.s.web.servlet.DispatcherServlet - DispatcherServlet with name 'dispatcherServlet' processing GET request for [/favicon.ico]
2017-12-21 21:04:41.399 DEBUG [http-nio-8080-exec-6] o.s.w.s.h.SimpleUrlHandlerMapping - Matching patterns for request [/favicon.ico] are [/**/favicon.ico]
2017-12-21 21:04:41.399 DEBUG [http-nio-8080-exec-6] o.s.w.s.h.SimpleUrlHandlerMapping - URI Template variables for request [/favicon.ico] are {}
2017-12-21 21:04:41.400 DEBUG [http-nio-8080-exec-6] o.s.w.s.h.SimpleUrlHandlerMapping - Mapping [/favicon.ico] to HandlerExecutionChain with handler [ResourceHttpRequestHandler [locations=[ServletContext resource [/], class path resource [META-INF/resources/], class path resource [resources/], class path resource [static/], class path resource [public/], class path resource []], resolvers=[org.springframework.web.servlet.resource.PathResourceResolver@45eb0eac]]] and 1 interceptor
2017-12-21 21:04:41.400 DEBUG [http-nio-8080-exec-6] o.s.web.servlet.DispatcherServlet - Last-Modified value for [/favicon.ico] is: -1
2017-12-21 21:04:41.405 DEBUG [http-nio-8080-exec-6] o.s.web.servlet.DispatcherServlet - Null ModelAndView returned to DispatcherServlet with name 'dispatcherServlet': assuming HandlerAdapter completed request handling
2017-12-21 21:04:41.406 DEBUG [http-nio-8080-exec-6] o.s.web.servlet.DispatcherServlet - Successfully completed request
2017-12-21 21:06:16.989 DEBUG [main] o.s.w.c.s.StandardServletEnvironment - Adding PropertySource 'servletConfigInitParams' with lowest search precedence
2017-12-21 21:06:16.996 DEBUG [main] o.s.w.c.s.StandardServletEnvironment - Adding PropertySource 'servletContextInitParams' with lowest search precedence
2017-12-21 21:06:16.996 DEBUG [main] o.s.w.c.s.StandardServletEnvironment - Adding PropertySource 'systemProperties' with lowest search precedence
2017-12-21 21:06:16.996 DEBUG [main] o.s.w.c.s.StandardServletEnvironment - Adding PropertySource 'systemEnvironment' with lowest search precedence
2017-12-21 21:06:16.996 DEBUG [main] o.s.w.c.s.StandardServletEnvironment - Initialized StandardServletEnvironment with PropertySources [StubPropertySource {name='servletConfigInitParams'}, StubPropertySource {name='servletContextInitParams'}, MapPropertySource {name='systemProperties'}, SystemEnvironmentPropertySource {name='systemEnvironment'}]
2017-12-21 21:06:17.106 INFO  [main] com.base.web.SpingBootApplication - Starting SpingBootApplication on A201705271754 with PID 10096 (D:\workspace\BaseSummer\target\classes started by Administrator in D:\workspace\BaseSummer)
2017-12-21 21:06:17.107 INFO  [main] com.base.web.SpingBootApplication - No active profile set, falling back to default profiles: default
2017-12-21 21:06:17.260 INFO  [main] o.s.b.c.e.AnnotationConfigEmbeddedWebApplicationContext - Refreshing org.springframework.boot.context.embedded.AnnotationConfigEmbeddedWebApplicationContext@7498cfd6: startup date [Thu Dec 21 21:06:17 CST 2017]; root of context hierarchy
2017-12-21 21:06:17.990 INFO  [background-preinit] o.h.validator.internal.util.Version - HV000001: Hibernate Validator 5.3.6.Final
2017-12-21 21:06:18.923 DEBUG [main] o.s.w.c.s.StandardServletEnvironment - Adding PropertySource 'applicationConfig: [classpath:/application.properties]' with search precedence immediately lower than 'applicationConfigurationProperties'
2017-12-21 21:06:18.924 DEBUG [main] o.s.w.c.s.StandardServletEnvironment - Removing PropertySource 'applicationConfigurationProperties'
2017-12-21 21:06:18.924 DEBUG [main] o.s.w.c.s.StandardServletEnvironment - Removing PropertySource 'defaultProperties'
2017-12-21 21:06:19.838 INFO  [main] o.s.b.c.e.t.TomcatEmbeddedServletContainer - Tomcat initialized with port(s): 8080 (http)
2017-12-21 21:06:19.852 INFO  [main] o.a.catalina.core.StandardService - Starting service [Tomcat]
2017-12-21 21:06:19.853 INFO  [main] o.a.catalina.core.StandardEngine - Starting Servlet Engine: Apache Tomcat/8.5.23
2017-12-21 21:06:19.984 INFO  [localhost-startStop-1] o.a.c.c.C.[Tomcat].[localhost].[/] - Initializing Spring embedded WebApplicationContext
2017-12-21 21:06:19.984 DEBUG [localhost-startStop-1] o.s.web.context.ContextLoader - Published root WebApplicationContext as ServletContext attribute with name [org.springframework.web.context.WebApplicationContext.ROOT]
2017-12-21 21:06:19.984 INFO  [localhost-startStop-1] o.s.web.context.ContextLoader - Root WebApplicationContext: initialization completed in 2724 ms
2017-12-21 21:06:20.185 INFO  [localhost-startStop-1] o.s.b.w.s.ServletRegistrationBean - Mapping servlet: 'dispatcherServlet' to [/]
2017-12-21 21:06:20.191 INFO  [localhost-startStop-1] o.s.b.w.s.FilterRegistrationBean - Mapping filter: 'characterEncodingFilter' to: [/*]
2017-12-21 21:06:20.192 INFO  [localhost-startStop-1] o.s.b.w.s.FilterRegistrationBean - Mapping filter: 'hiddenHttpMethodFilter' to: [/*]
2017-12-21 21:06:20.192 INFO  [localhost-startStop-1] o.s.b.w.s.FilterRegistrationBean - Mapping filter: 'httpPutFormContentFilter' to: [/*]
2017-12-21 21:06:20.192 INFO  [localhost-startStop-1] o.s.b.w.s.FilterRegistrationBean - Mapping filter: 'requestContextFilter' to: [/*]
2017-12-21 21:06:20.229 DEBUG [main] o.s.w.c.s.StandardServletEnvironment - Replacing PropertySource 'servletContextInitParams' with 'servletContextInitParams'
2017-12-21 21:06:21.463 INFO  [main] o.s.w.s.m.m.a.RequestMappingHandlerAdapter - Looking for @ControllerAdvice: org.springframework.boot.context.embedded.AnnotationConfigEmbeddedWebApplicationContext@7498cfd6: startup date [Thu Dec 21 21:06:17 CST 2017]; root of context hierarchy
2017-12-21 21:06:21.559 DEBUG [main] o.s.w.s.m.m.a.RequestMappingHandlerMapping - Looking for request mappings in application context: org.springframework.boot.context.embedded.AnnotationConfigEmbeddedWebApplicationContext@7498cfd6: startup date [Thu Dec 21 21:06:17 CST 2017]; root of context hierarchy
2017-12-21 21:06:21.578 DEBUG [main] o.s.w.s.m.m.a.RequestMappingHandlerMapping - 1 request handler methods found on class com.base.web.controller.UserController: {public java.lang.String com.base.web.controller.UserController.getTest()={[/user/test],methods=[GET]}}
2017-12-21 21:06:21.578 INFO  [main] o.s.w.s.m.m.a.RequestMappingHandlerMapping - Mapped "{[/user/test],methods=[GET]}" onto public java.lang.String com.base.web.controller.UserController.getTest()
2017-12-21 21:06:21.585 DEBUG [main] o.s.w.s.m.m.a.RequestMappingHandlerMapping - 2 request handler methods found on class org.springframework.boot.autoconfigure.web.BasicErrorController: {public org.springframework.http.ResponseEntity org.springframework.boot.autoconfigure.web.BasicErrorController.error(javax.servlet.http.HttpServletRequest)={[/error]}, public org.springframework.web.servlet.ModelAndView org.springframework.boot.autoconfigure.web.BasicErrorController.errorHtml(javax.servlet.http.HttpServletRequest,javax.servlet.http.HttpServletResponse)={[/error],produces=[text/html]}}
2017-12-21 21:06:21.586 INFO  [main] o.s.w.s.m.m.a.RequestMappingHandlerMapping - Mapped "{[/error]}" onto public org.springframework.http.ResponseEntity<java.util.Map<java.lang.String, java.lang.Object>> org.springframework.boot.autoconfigure.web.BasicErrorController.error(javax.servlet.http.HttpServletRequest)
2017-12-21 21:06:21.587 INFO  [main] o.s.w.s.m.m.a.RequestMappingHandlerMapping - Mapped "{[/error],produces=[text/html]}" onto public org.springframework.web.servlet.ModelAndView org.springframework.boot.autoconfigure.web.BasicErrorController.errorHtml(javax.servlet.http.HttpServletRequest,javax.servlet.http.HttpServletResponse)
2017-12-21 21:06:21.628 DEBUG [main] o.s.w.s.h.BeanNameUrlHandlerMapping - Looking for URL mappings in application context: org.springframework.boot.context.embedded.AnnotationConfigEmbeddedWebApplicationContext@7498cfd6: startup date [Thu Dec 21 21:06:17 CST 2017]; root of context hierarchy
2017-12-21 21:06:21.628 DEBUG [main] o.s.w.s.h.BeanNameUrlHandlerMapping - Rejected bean name 'org.springframework.context.annotation.internalConfigurationAnnotationProcessor': no URL paths identified
2017-12-21 21:06:21.629 DEBUG [main] o.s.w.s.h.BeanNameUrlHandlerMapping - Rejected bean name 'org.springframework.context.annotation.internalAutowiredAnnotationProcessor': no URL paths identified
2017-12-21 21:06:21.629 DEBUG [main] o.s.w.s.h.BeanNameUrlHandlerMapping - Rejected bean name 'org.springframework.context.annotation.internalRequiredAnnotationProcessor': no URL paths identified
2017-12-21 21:06:21.629 DEBUG [main] o.s.w.s.h.BeanNameUrlHandlerMapping - Rejected bean name 'org.springframework.context.annotation.internalCommonAnnotationProcessor': no URL paths identified
2017-12-21 21:06:21.629 DEBUG [main] o.s.w.s.h.BeanNameUrlHandlerMapping - Rejected bean name 'org.springframework.context.event.internalEventListenerProcessor': no URL paths identified
2017-12-21 21:06:21.629 DEBUG [main] o.s.w.s.h.BeanNameUrlHandlerMapping - Rejected bean name 'org.springframework.context.event.internalEventListenerFactory': no URL paths identified
2017-12-21 21:06:21.629 DEBUG [main] o.s.w.s.h.BeanNameUrlHandlerMapping - Rejected bean name 'spingBootApplication': no URL paths identified
2017-12-21 21:06:21.629 DEBUG [main] o.s.w.s.h.BeanNameUrlHandlerMapping - Rejected bean name 'org.springframework.boot.autoconfigure.internalCachingMetadataReaderFactory': no URL paths identified
2017-12-21 21:06:21.629 DEBUG [main] o.s.w.s.h.BeanNameUrlHandlerMapping - Rejected bean name 'userController': no URL paths identified
2017-12-21 21:06:21.630 DEBUG [main] o.s.w.s.h.BeanNameUrlHandlerMapping - Rejected bean name 'userImpl': no URL paths identified
2017-12-21 21:06:21.630 DEBUG [main] o.s.w.s.h.BeanNameUrlHandlerMapping - Rejected bean name 'org.springframework.boot.autoconfigure.AutoConfigurationPackages': no URL paths identified
2017-12-21 21:06:21.630 DEBUG [main] o.s.w.s.h.BeanNameUrlHandlerMapping - Rejected bean name 'userDao': no URL paths identified
2017-12-21 21:06:21.630 DEBUG [main] o.s.w.s.h.BeanNameUrlHandlerMapping - Rejected bean name 'org.springframework.boot.autoconfigure.context.PropertyPlaceholderAutoConfiguration': no URL paths identified
2017-12-21 21:06:21.630 DEBUG [main] o.s.w.s.h.BeanNameUrlHandlerMapping - Rejected bean name 'org.springframework.boot.autoconfigure.condition.BeanTypeRegistry': no URL paths identified
2017-12-21 21:06:21.630 DEBUG [main] o.s.w.s.h.BeanNameUrlHandlerMapping - Rejected bean name 'propertySourcesPlaceholderConfigurer': no URL paths identified
2017-12-21 21:06:21.630 DEBUG [main] o.s.w.s.h.BeanNameUrlHandlerMapping - Rejected bean name 'org.springframework.boot.autoconfigure.jackson.JacksonAutoConfiguration$Jackson2ObjectMapperBuilderCustomizerConfiguration': no URL paths identified
2017-12-21 21:06:21.630 DEBUG [main] o.s.w.s.h.BeanNameUrlHandlerMapping - Rejected bean name 'standardJacksonObjectMapperBuilderCustomizer': no URL paths identified
2017-12-21 21:06:21.630 DEBUG [main] o.s.w.s.h.BeanNameUrlHandlerMapping - Rejected bean name 'spring.jackson-org.springframework.boot.autoconfigure.jackson.JacksonProperties': no URL paths identified
2017-12-21 21:06:21.631 DEBUG [main] o.s.w.s.h.BeanNameUrlHandlerMapping - Rejected bean name 'org.springframework.boot.context.properties.ConfigurationPropertiesBindingPostProcessor': no URL paths identified
2017-12-21 21:06:21.631 DEBUG [main] o.s.w.s.h.BeanNameUrlHandlerMapping - Rejected bean name 'org.springframework.boot.context.properties.ConfigurationPropertiesBindingPostProcessor.store': no URL paths identified
2017-12-21 21:06:21.631 DEBUG [main] o.s.w.s.h.BeanNameUrlHandlerMapping - Rejected bean name 'org.springframework.boot.autoconfigure.jackson.JacksonAutoConfiguration$JacksonObjectMapperBuilderConfiguration': no URL paths identified
2017-12-21 21:06:21.631 DEBUG [main] o.s.w.s.h.BeanNameUrlHandlerMapping - Rejected bean name 'jacksonObjectMapperBuilder': no URL paths identified
2017-12-21 21:06:21.631 DEBUG [main] o.s.w.s.h.BeanNameUrlHandlerMapping - Rejected bean name 'org.springframework.boot.autoconfigure.jackson.JacksonAutoConfiguration$JacksonObjectMapperConfiguration': no URL paths identified
2017-12-21 21:06:21.631 DEBUG [main] o.s.w.s.h.BeanNameUrlHandlerMapping - Rejected bean name 'jacksonObjectMapper': no URL paths identified
2017-12-21 21:06:21.631 DEBUG [main] o.s.w.s.h.BeanNameUrlHandlerMapping - Rejected bean name 'org.springframework.boot.autoconfigure.jackson.JacksonAutoConfiguration': no URL paths identified
2017-12-21 21:06:21.631 DEBUG [main] o.s.w.s.h.BeanNameUrlHandlerMapping - Rejected bean name 'jsonComponentModule': no URL paths identified
2017-12-21 21:06:21.631 DEBUG [main] o.s.w.s.h.BeanNameUrlHandlerMapping - Rejected bean name 'org.springframework.boot.autoconfigure.websocket.WebSocketAutoConfiguration$TomcatWebSocketConfiguration': no URL paths identified
2017-12-21 21:06:21.632 DEBUG [main] o.s.w.s.h.BeanNameUrlHandlerMapping - Rejected bean name 'websocketContainerCustomizer': no URL paths identified
2017-12-21 21:06:21.632 DEBUG [main] o.s.w.s.h.BeanNameUrlHandlerMapping - Rejected bean name 'org.springframework.boot.autoconfigure.websocket.WebSocketAutoConfiguration': no URL paths identified
2017-12-21 21:06:21.632 DEBUG [main] o.s.w.s.h.BeanNameUrlHandlerMapping - Rejected bean name 'org.springframework.boot.autoconfigure.web.EmbeddedServletContainerAutoConfiguration$EmbeddedTomcat': no URL paths identified
2017-12-21 21:06:21.632 DEBUG [main] o.s.w.s.h.BeanNameUrlHandlerMapping - Rejected bean name 'tomcatEmbeddedServletContainerFactory': no URL paths identified
2017-12-21 21:06:21.632 DEBUG [main] o.s.w.s.h.BeanNameUrlHandlerMapping - Rejected bean name 'org.springframework.boot.autoconfigure.web.EmbeddedServletContainerAutoConfiguration': no URL paths identified
2017-12-21 21:06:21.632 DEBUG [main] o.s.w.s.h.BeanNameUrlHandlerMapping - Rejected bean name 'embeddedServletContainerCustomizerBeanPostProcessor': no URL paths identified
2017-12-21 21:06:21.632 DEBUG [main] o.s.w.s.h.BeanNameUrlHandlerMapping - Rejected bean name 'errorPageRegistrarBeanPostProcessor': no URL paths identified
2017-12-21 21:06:21.632 DEBUG [main] o.s.w.s.h.BeanNameUrlHandlerMapping - Rejected bean name 'org.springframework.boot.autoconfigure.web.DispatcherServletAutoConfiguration$DispatcherServletConfiguration': no URL paths identified
2017-12-21 21:06:21.633 DEBUG [main] o.s.w.s.h.BeanNameUrlHandlerMapping - Rejected bean name 'dispatcherServlet': no URL paths identified
2017-12-21 21:06:21.633 DEBUG [main] o.s.w.s.h.BeanNameUrlHandlerMapping - Rejected bean name 'spring.mvc-org.springframework.boot.autoconfigure.web.WebMvcProperties': no URL paths identified
2017-12-21 21:06:21.633 DEBUG [main] o.s.w.s.h.BeanNameUrlHandlerMapping - Rejected bean name 'org.springframework.boot.autoconfigure.web.DispatcherServletAutoConfiguration$DispatcherServletRegistrationConfiguration': no URL paths identified
2017-12-21 21:06:21.633 DEBUG [main] o.s.w.s.h.BeanNameUrlHandlerMapping - Rejected bean name 'dispatcherServletRegistration': no URL paths identified
2017-12-21 21:06:21.633 DEBUG [main] o.s.w.s.h.BeanNameUrlHandlerMapping - Rejected bean name 'org.springframework.boot.autoconfigure.web.DispatcherServletAutoConfiguration': no URL paths identified
2017-12-21 21:06:21.633 DEBUG [main] o.s.w.s.h.BeanNameUrlHandlerMapping - Rejected bean name 'org.springframework.boot.autoconfigure.validation.ValidationAutoConfiguration': no URL paths identified
2017-12-21 21:06:21.633 DEBUG [main] o.s.w.s.h.BeanNameUrlHandlerMapping - Rejected bean name 'defaultValidator': no URL paths identified
2017-12-21 21:06:21.633 DEBUG [main] o.s.w.s.h.BeanNameUrlHandlerMapping - Rejected bean name 'methodValidationPostProcessor': no URL paths identified
2017-12-21 21:06:21.633 DEBUG [main] o.s.w.s.h.BeanNameUrlHandlerMapping - Rejected bean name 'org.springframework.boot.autoconfigure.web.ErrorMvcAutoConfiguration$WhitelabelErrorViewConfiguration': no URL paths identified
2017-12-21 21:06:21.634 DEBUG [main] o.s.w.s.h.BeanNameUrlHandlerMapping - Rejected bean name 'error': no URL paths identified
2017-12-21 21:06:21.634 DEBUG [main] o.s.w.s.h.BeanNameUrlHandlerMapping - Rejected bean name 'beanNameViewResolver': no URL paths identified
2017-12-21 21:06:21.634 DEBUG [main] o.s.w.s.h.BeanNameUrlHandlerMapping - Rejected bean name 'org.springframework.boot.autoconfigure.web.ErrorMvcAutoConfiguration$DefaultErrorViewResolverConfiguration': no URL paths identified
2017-12-21 21:06:21.634 DEBUG [main] o.s.w.s.h.BeanNameUrlHandlerMapping - Rejected bean name 'conventionErrorViewResolver': no URL paths identified
2017-12-21 21:06:21.634 DEBUG [main] o.s.w.s.h.BeanNameUrlHandlerMapping - Rejected bean name 'org.springframework.boot.autoconfigure.web.ErrorMvcAutoConfiguration': no URL paths identified
2017-12-21 21:06:21.634 DEBUG [main] o.s.w.s.h.BeanNameUrlHandlerMapping - Rejected bean name 'errorAttributes': no URL paths identified
2017-12-21 21:06:21.634 DEBUG [main] o.s.w.s.h.BeanNameUrlHandlerMapping - Rejected bean name 'basicErrorController': no URL paths identified
2017-12-21 21:06:21.634 DEBUG [main] o.s.w.s.h.BeanNameUrlHandlerMapping - Rejected bean name 'errorPageCustomizer': no URL paths identified
2017-12-21 21:06:21.634 DEBUG [main] o.s.w.s.h.BeanNameUrlHandlerMapping - Rejected bean name 'preserveErrorControllerTargetClassPostProcessor': no URL paths identified
2017-12-21 21:06:21.635 DEBUG [main] o.s.w.s.h.BeanNameUrlHandlerMapping - Rejected bean name 'spring.resources-org.springframework.boot.autoconfigure.web.ResourceProperties': no URL paths identified
2017-12-21 21:06:21.635 DEBUG [main] o.s.w.s.h.BeanNameUrlHandlerMapping - Rejected bean name 'org.springframework.boot.autoconfigure.web.WebMvcAutoConfiguration$EnableWebMvcConfiguration': no URL paths identified
2017-12-21 21:06:21.635 DEBUG [main] o.s.w.s.h.BeanNameUrlHandlerMapping - Rejected bean name 'requestMappingHandlerAdapter': no URL paths identified
2017-12-21 21:06:21.635 DEBUG [main] o.s.w.s.h.BeanNameUrlHandlerMapping - Rejected bean name 'requestMappingHandlerMapping': no URL paths identified
2017-12-21 21:06:21.635 DEBUG [main] o.s.w.s.h.BeanNameUrlHandlerMapping - Rejected bean name 'mvcValidator': no URL paths identified
2017-12-21 21:06:21.635 DEBUG [main] o.s.w.s.h.BeanNameUrlHandlerMapping - Rejected bean name 'mvcContentNegotiationManager': no URL paths identified
2017-12-21 21:06:21.635 DEBUG [main] o.s.w.s.h.BeanNameUrlHandlerMapping - Rejected bean name 'mvcPathMatcher': no URL paths identified
2017-12-21 21:06:21.635 DEBUG [main] o.s.w.s.h.BeanNameUrlHandlerMapping - Rejected bean name 'mvcUrlPathHelper': no URL paths identified
2017-12-21 21:06:21.635 DEBUG [main] o.s.w.s.h.BeanNameUrlHandlerMapping - Rejected bean name 'viewControllerHandlerMapping': no URL paths identified
2017-12-21 21:06:21.636 DEBUG [main] o.s.w.s.h.BeanNameUrlHandlerMapping - Rejected bean name 'beanNameHandlerMapping': no URL paths identified
2017-12-21 21:06:21.636 DEBUG [main] o.s.w.s.h.BeanNameUrlHandlerMapping - Rejected bean name 'resourceHandlerMapping': no URL paths identified
2017-12-21 21:06:21.636 DEBUG [main] o.s.w.s.h.BeanNameUrlHandlerMapping - Rejected bean name 'mvcResourceUrlProvider': no URL paths identified
2017-12-21 21:06:21.636 DEBUG [main] o.s.w.s.h.BeanNameUrlHandlerMapping - Rejected bean name 'defaultServletHandlerMapping': no URL paths identified
2017-12-21 21:06:21.636 DEBUG [main] o.s.w.s.h.BeanNameUrlHandlerMapping - Rejected bean name 'mvcConversionService': no URL paths identified
2017-12-21 21:06:21.636 DEBUG [main] o.s.w.s.h.BeanNameUrlHandlerMapping - Rejected bean name 'mvcUriComponentsContributor': no URL paths identified
2017-12-21 21:06:21.636 DEBUG [main] o.s.w.s.h.BeanNameUrlHandlerMapping - Rejected bean name 'httpRequestHandlerAdapter': no URL paths identified
2017-12-21 21:06:21.636 DEBUG [main] o.s.w.s.h.BeanNameUrlHandlerMapping - Rejected bean name 'simpleControllerHandlerAdapter': no URL paths identified
2017-12-21 21:06:21.637 DEBUG [main] o.s.w.s.h.BeanNameUrlHandlerMapping - Rejected bean name 'handlerExceptionResolver': no URL paths identified
2017-12-21 21:06:21.637 DEBUG [main] o.s.w.s.h.BeanNameUrlHandlerMapping - Rejected bean name 'mvcViewResolver': no URL paths identified
2017-12-21 21:06:21.637 DEBUG [main] o.s.w.s.h.BeanNameUrlHandlerMapping - Rejected bean name 'mvcHandlerMappingIntrospector': no URL paths identified
2017-12-21 21:06:21.637 DEBUG [main] o.s.w.s.h.BeanNameUrlHandlerMapping - Rejected bean name 'org.springframework.boot.autoconfigure.web.WebMvcAutoConfiguration$WebMvcAutoConfigurationAdapter$FaviconConfiguration': no URL paths identified
2017-12-21 21:06:21.637 DEBUG [main] o.s.w.s.h.BeanNameUrlHandlerMapping - Rejected bean name 'faviconHandlerMapping': no URL paths identified
2017-12-21 21:06:21.637 DEBUG [main] o.s.w.s.h.BeanNameUrlHandlerMapping - Rejected bean name 'faviconRequestHandler': no URL paths identified
2017-12-21 21:06:21.637 DEBUG [main] o.s.w.s.h.BeanNameUrlHandlerMapping - Rejected bean name 'org.springframework.boot.autoconfigure.web.WebMvcAutoConfiguration$WebMvcAutoConfigurationAdapter': no URL paths identified
2017-12-21 21:06:21.637 DEBUG [main] o.s.w.s.h.BeanNameUrlHandlerMapping - Rejected bean name 'defaultViewResolver': no URL paths identified
2017-12-21 21:06:21.638 DEBUG [main] o.s.w.s.h.BeanNameUrlHandlerMapping - Rejected bean name 'viewResolver': no URL paths identified
2017-12-21 21:06:21.638 DEBUG [main] o.s.w.s.h.BeanNameUrlHandlerMapping - Rejected bean name 'welcomePageHandlerMapping': no URL paths identified
2017-12-21 21:06:21.638 DEBUG [main] o.s.w.s.h.BeanNameUrlHandlerMapping - Rejected bean name 'requestContextFilter': no URL paths identified
2017-12-21 21:06:21.638 DEBUG [main] o.s.w.s.h.BeanNameUrlHandlerMapping - Rejected bean name 'org.springframework.boot.autoconfigure.web.WebMvcAutoConfiguration': no URL paths identified
2017-12-21 21:06:21.638 DEBUG [main] o.s.w.s.h.BeanNameUrlHandlerMapping - Rejected bean name 'hiddenHttpMethodFilter': no URL paths identified
2017-12-21 21:06:21.638 DEBUG [main] o.s.w.s.h.BeanNameUrlHandlerMapping - Rejected bean name 'httpPutFormContentFilter': no URL paths identified
2017-12-21 21:06:21.638 DEBUG [main] o.s.w.s.h.BeanNameUrlHandlerMapping - Rejected bean name 'org.springframework.boot.autoconfigure.jdbc.DataSourceConfiguration$Tomcat': no URL paths identified
2017-12-21 21:06:21.638 DEBUG [main] o.s.w.s.h.BeanNameUrlHandlerMapping - Rejected bean name 'dataSource': no URL paths identified
2017-12-21 21:06:21.638 DEBUG [main] o.s.w.s.h.BeanNameUrlHandlerMapping - Rejected bean name 'org.springframework.boot.autoconfigure.jdbc.DataSourceAutoConfiguration$PooledDataSourceConfiguration': no URL paths identified
2017-12-21 21:06:21.639 DEBUG [main] o.s.w.s.h.BeanNameUrlHandlerMapping - Rejected bean name 'org.springframework.boot.autoconfigure.jdbc.metadata.DataSourcePoolMetadataProvidersConfiguration$TomcatDataSourcePoolMetadataProviderConfiguration': no URL paths identified
2017-12-21 21:06:21.639 DEBUG [main] o.s.w.s.h.BeanNameUrlHandlerMapping - Rejected bean name 'tomcatPoolDataSourceMetadataProvider': no URL paths identified
2017-12-21 21:06:21.639 DEBUG [main] o.s.w.s.h.BeanNameUrlHandlerMapping - Rejected bean name 'org.springframework.boot.autoconfigure.jdbc.metadata.DataSourcePoolMetadataProvidersConfiguration': no URL paths identified
2017-12-21 21:06:21.639 DEBUG [main] o.s.w.s.h.BeanNameUrlHandlerMapping - Rejected bean name 'org.springframework.boot.autoconfigure.jdbc.DataSourceAutoConfiguration': no URL paths identified
2017-12-21 21:06:21.639 DEBUG [main] o.s.w.s.h.BeanNameUrlHandlerMapping - Rejected bean name 'dataSourceInitializer': no URL paths identified
2017-12-21 21:06:21.639 DEBUG [main] o.s.w.s.h.BeanNameUrlHandlerMapping - Rejected bean name 'spring.datasource-org.springframework.boot.autoconfigure.jdbc.DataSourceProperties': no URL paths identified
2017-12-21 21:06:21.639 DEBUG [main] o.s.w.s.h.BeanNameUrlHandlerMapping - Rejected bean name 'dataSourceInitializerPostProcessor': no URL paths identified
2017-12-21 21:06:21.639 DEBUG [main] o.s.w.s.h.BeanNameUrlHandlerMapping - Rejected bean name 'org.mybatis.spring.boot.autoconfigure.MybatisAutoConfiguration': no URL paths identified
2017-12-21 21:06:21.640 DEBUG [main] o.s.w.s.h.BeanNameUrlHandlerMapping - Rejected bean name 'sqlSessionFactory': no URL paths identified
2017-12-21 21:06:21.640 DEBUG [main] o.s.w.s.h.BeanNameUrlHandlerMapping - Rejected bean name 'sqlSessionTemplate': no URL paths identified
2017-12-21 21:06:21.640 DEBUG [main] o.s.w.s.h.BeanNameUrlHandlerMapping - Rejected bean name 'mybatis-org.mybatis.spring.boot.autoconfigure.MybatisProperties': no URL paths identified
2017-12-21 21:06:21.640 DEBUG [main] o.s.w.s.h.BeanNameUrlHandlerMapping - Rejected bean name 'org.springframework.boot.autoconfigure.jmx.JmxAutoConfiguration': no URL paths identified
2017-12-21 21:06:21.640 DEBUG [main] o.s.w.s.h.BeanNameUrlHandlerMapping - Rejected bean name 'mbeanExporter': no URL paths identified
2017-12-21 21:06:21.640 DEBUG [main] o.s.w.s.h.BeanNameUrlHandlerMapping - Rejected bean name 'objectNamingStrategy': no URL paths identified
2017-12-21 21:06:21.640 DEBUG [main] o.s.w.s.h.BeanNameUrlHandlerMapping - Rejected bean name 'mbeanServer': no URL paths identified
2017-12-21 21:06:21.640 DEBUG [main] o.s.w.s.h.BeanNameUrlHandlerMapping - Rejected bean name 'org.springframework.boot.autoconfigure.context.ConfigurationPropertiesAutoConfiguration': no URL paths identified
2017-12-21 21:06:21.640 DEBUG [main] o.s.w.s.h.BeanNameUrlHandlerMapping - Rejected bean name 'org.springframework.boot.autoconfigure.dao.PersistenceExceptionTranslationAutoConfiguration': no URL paths identified
2017-12-21 21:06:21.641 DEBUG [main] o.s.w.s.h.BeanNameUrlHandlerMapping - Rejected bean name 'persistenceExceptionTranslationPostProcessor': no URL paths identified
2017-12-21 21:06:21.641 DEBUG [main] o.s.w.s.h.BeanNameUrlHandlerMapping - Rejected bean name 'org.springframework.boot.autoconfigure.web.HttpMessageConvertersAutoConfiguration$StringHttpMessageConverterConfiguration': no URL paths identified
2017-12-21 21:06:21.641 DEBUG [main] o.s.w.s.h.BeanNameUrlHandlerMapping - Rejected bean name 'stringHttpMessageConverter': no URL paths identified
2017-12-21 21:06:21.641 DEBUG [main] o.s.w.s.h.BeanNameUrlHandlerMapping - Rejected bean name 'spring.http.encoding-org.springframework.boot.autoconfigure.web.HttpEncodingProperties': no URL paths identified
2017-12-21 21:06:21.641 DEBUG [main] o.s.w.s.h.BeanNameUrlHandlerMapping - Rejected bean name 'org.springframework.boot.autoconfigure.web.JacksonHttpMessageConvertersConfiguration$MappingJackson2HttpMessageConverterConfiguration': no URL paths identified
2017-12-21 21:06:21.641 DEBUG [main] o.s.w.s.h.BeanNameUrlHandlerMapping - Rejected bean name 'mappingJackson2HttpMessageConverter': no URL paths identified
2017-12-21 21:06:21.641 DEBUG [main] o.s.w.s.h.BeanNameUrlHandlerMapping - Rejected bean name 'org.springframework.boot.autoconfigure.web.JacksonHttpMessageConvertersConfiguration': no URL paths identified
2017-12-21 21:06:21.641 DEBUG [main] o.s.w.s.h.BeanNameUrlHandlerMapping - Rejected bean name 'org.springframework.boot.autoconfigure.web.HttpMessageConvertersAutoConfiguration': no URL paths identified
2017-12-21 21:06:21.641 DEBUG [main] o.s.w.s.h.BeanNameUrlHandlerMapping - Rejected bean name 'messageConverters': no URL paths identified
2017-12-21 21:06:21.642 DEBUG [main] o.s.w.s.h.BeanNameUrlHandlerMapping - Rejected bean name 'org.springframework.boot.autoconfigure.info.ProjectInfoAutoConfiguration': no URL paths identified
2017-12-21 21:06:21.642 DEBUG [main] o.s.w.s.h.BeanNameUrlHandlerMapping - Rejected bean name 'spring.info-org.springframework.boot.autoconfigure.info.ProjectInfoProperties': no URL paths identified
2017-12-21 21:06:21.642 DEBUG [main] o.s.w.s.h.BeanNameUrlHandlerMapping - Rejected bean name 'org.springframework.boot.autoconfigure.jdbc.DataSourceTransactionManagerAutoConfiguration$DataSourceTransactionManagerConfiguration': no URL paths identified
2017-12-21 21:06:21.642 DEBUG [main] o.s.w.s.h.BeanNameUrlHandlerMapping - Rejected bean name 'transactionManager': no URL paths identified
2017-12-21 21:06:21.642 DEBUG [main] o.s.w.s.h.BeanNameUrlHandlerMapping - Rejected bean name 'org.springframework.boot.autoconfigure.jdbc.DataSourceTransactionManagerAutoConfiguration': no URL paths identified
2017-12-21 21:06:21.642 DEBUG [main] o.s.w.s.h.BeanNameUrlHandlerMapping - Rejected bean name 'org.springframework.boot.autoconfigure.jdbc.JdbcTemplateAutoConfiguration': no URL paths identified
2017-12-21 21:06:21.642 DEBUG [main] o.s.w.s.h.BeanNameUrlHandlerMapping - Rejected bean name 'jdbcTemplate': no URL paths identified
2017-12-21 21:06:21.642 DEBUG [main] o.s.w.s.h.BeanNameUrlHandlerMapping - Rejected bean name 'namedParameterJdbcTemplate': no URL paths identified
2017-12-21 21:06:21.642 DEBUG [main] o.s.w.s.h.BeanNameUrlHandlerMapping - Rejected bean name 'org.springframework.transaction.annotation.ProxyTransactionManagementConfiguration': no URL paths identified
2017-12-21 21:06:21.643 DEBUG [main] o.s.w.s.h.BeanNameUrlHandlerMapping - Rejected bean name 'org.springframework.transaction.config.internalTransactionAdvisor': no URL paths identified
2017-12-21 21:06:21.643 DEBUG [main] o.s.w.s.h.BeanNameUrlHandlerMapping - Rejected bean name 'transactionAttributeSource': no URL paths identified
2017-12-21 21:06:21.643 DEBUG [main] o.s.w.s.h.BeanNameUrlHandlerMapping - Rejected bean name 'transactionInterceptor': no URL paths identified
2017-12-21 21:06:21.643 DEBUG [main] o.s.w.s.h.BeanNameUrlHandlerMapping - Rejected bean name 'org.springframework.transaction.config.internalTransactionalEventListenerFactory': no URL paths identified
2017-12-21 21:06:21.643 DEBUG [main] o.s.w.s.h.BeanNameUrlHandlerMapping - Rejected bean name 'org.springframework.boot.autoconfigure.transaction.TransactionAutoConfiguration$EnableTransactionManagementConfiguration$CglibAutoProxyConfiguration': no URL paths identified
2017-12-21 21:06:21.643 DEBUG [main] o.s.w.s.h.BeanNameUrlHandlerMapping - Rejected bean name 'org.springframework.aop.config.internalAutoProxyCreator': no URL paths identified
2017-12-21 21:06:21.643 DEBUG [main] o.s.w.s.h.BeanNameUrlHandlerMapping - Rejected bean name 'org.springframework.boot.autoconfigure.transaction.TransactionAutoConfiguration$EnableTransactionManagementConfiguration': no URL paths identified
2017-12-21 21:06:21.643 DEBUG [main] o.s.w.s.h.BeanNameUrlHandlerMapping - Rejected bean name 'org.springframework.boot.autoconfigure.transaction.TransactionAutoConfiguration$TransactionTemplateConfiguration': no URL paths identified
2017-12-21 21:06:21.644 DEBUG [main] o.s.w.s.h.BeanNameUrlHandlerMapping - Rejected bean name 'transactionTemplate': no URL paths identified
2017-12-21 21:06:21.644 DEBUG [main] o.s.w.s.h.BeanNameUrlHandlerMapping - Rejected bean name 'org.springframework.boot.autoconfigure.transaction.TransactionAutoConfiguration': no URL paths identified
2017-12-21 21:06:21.644 DEBUG [main] o.s.w.s.h.BeanNameUrlHandlerMapping - Rejected bean name 'platformTransactionManagerCustomizers': no URL paths identified
2017-12-21 21:06:21.644 DEBUG [main] o.s.w.s.h.BeanNameUrlHandlerMapping - Rejected bean name 'spring.transaction-org.springframework.boot.autoconfigure.transaction.TransactionProperties': no URL paths identified
2017-12-21 21:06:21.644 DEBUG [main] o.s.w.s.h.BeanNameUrlHandlerMapping - Rejected bean name 'org.springframework.boot.autoconfigure.web.HttpEncodingAutoConfiguration': no URL paths identified
2017-12-21 21:06:21.644 DEBUG [main] o.s.w.s.h.BeanNameUrlHandlerMapping - Rejected bean name 'characterEncodingFilter': no URL paths identified
2017-12-21 21:06:21.644 DEBUG [main] o.s.w.s.h.BeanNameUrlHandlerMapping - Rejected bean name 'localeCharsetMappingsCustomizer': no URL paths identified
2017-12-21 21:06:21.644 DEBUG [main] o.s.w.s.h.BeanNameUrlHandlerMapping - Rejected bean name 'org.springframework.boot.autoconfigure.web.MultipartAutoConfiguration': no URL paths identified
2017-12-21 21:06:21.644 DEBUG [main] o.s.w.s.h.BeanNameUrlHandlerMapping - Rejected bean name 'multipartConfigElement': no URL paths identified
2017-12-21 21:06:21.645 DEBUG [main] o.s.w.s.h.BeanNameUrlHandlerMapping - Rejected bean name 'multipartResolver': no URL paths identified
2017-12-21 21:06:21.645 DEBUG [main] o.s.w.s.h.BeanNameUrlHandlerMapping - Rejected bean name 'spring.http.multipart-org.springframework.boot.autoconfigure.web.MultipartProperties': no URL paths identified
2017-12-21 21:06:21.645 DEBUG [main] o.s.w.s.h.BeanNameUrlHandlerMapping - Rejected bean name 'org.springframework.boot.autoconfigure.web.ServerPropertiesAutoConfiguration': no URL paths identified
2017-12-21 21:06:21.645 DEBUG [main] o.s.w.s.h.BeanNameUrlHandlerMapping - Rejected bean name 'serverProperties': no URL paths identified
2017-12-21 21:06:21.645 DEBUG [main] o.s.w.s.h.BeanNameUrlHandlerMapping - Rejected bean name 'duplicateServerPropertiesDetector': no URL paths identified
2017-12-21 21:06:21.645 DEBUG [main] o.s.w.s.h.BeanNameUrlHandlerMapping - Rejected bean name 'org.springframework.boot.autoconfigure.web.WebClientAutoConfiguration$RestTemplateConfiguration': no URL paths identified
2017-12-21 21:06:21.645 DEBUG [main] o.s.w.s.h.BeanNameUrlHandlerMapping - Rejected bean name 'restTemplateBuilder': no URL paths identified
2017-12-21 21:06:21.645 DEBUG [main] o.s.w.s.h.BeanNameUrlHandlerMapping - Rejected bean name 'org.springframework.boot.autoconfigure.web.WebClientAutoConfiguration': no URL paths identified
2017-12-21 21:06:21.645 DEBUG [main] o.s.w.s.h.BeanNameUrlHandlerMapping - Rejected bean name 'autoConfigurationReport': no URL paths identified
2017-12-21 21:06:21.646 DEBUG [main] o.s.w.s.h.BeanNameUrlHandlerMapping - Rejected bean name 'springApplicationArguments': no URL paths identified
2017-12-21 21:06:21.646 DEBUG [main] o.s.w.s.h.BeanNameUrlHandlerMapping - Rejected bean name 'springBootBanner': no URL paths identified
2017-12-21 21:06:21.646 DEBUG [main] o.s.w.s.h.BeanNameUrlHandlerMapping - Rejected bean name 'springBootLoggingSystem': no URL paths identified
2017-12-21 21:06:21.646 DEBUG [main] o.s.w.s.h.BeanNameUrlHandlerMapping - Rejected bean name 'environment': no URL paths identified
2017-12-21 21:06:21.646 DEBUG [main] o.s.w.s.h.BeanNameUrlHandlerMapping - Rejected bean name 'systemProperties': no URL paths identified
2017-12-21 21:06:21.646 DEBUG [main] o.s.w.s.h.BeanNameUrlHandlerMapping - Rejected bean name 'systemEnvironment': no URL paths identified
2017-12-21 21:06:21.646 DEBUG [main] o.s.w.s.h.BeanNameUrlHandlerMapping - Rejected bean name 'org.springframework.context.annotation.ConfigurationClassPostProcessor.importRegistry': no URL paths identified
2017-12-21 21:06:21.646 DEBUG [main] o.s.w.s.h.BeanNameUrlHandlerMapping - Rejected bean name 'messageSource': no URL paths identified
2017-12-21 21:06:21.646 DEBUG [main] o.s.w.s.h.BeanNameUrlHandlerMapping - Rejected bean name 'applicationEventMulticaster': no URL paths identified
2017-12-21 21:06:21.647 DEBUG [main] o.s.w.s.h.BeanNameUrlHandlerMapping - Rejected bean name 'servletContext': no URL paths identified
2017-12-21 21:06:21.647 DEBUG [main] o.s.w.s.h.BeanNameUrlHandlerMapping - Rejected bean name 'contextParameters': no URL paths identified
2017-12-21 21:06:21.647 DEBUG [main] o.s.w.s.h.BeanNameUrlHandlerMapping - Rejected bean name 'contextAttributes': no URL paths identified
2017-12-21 21:06:21.669 INFO  [main] o.s.w.s.h.SimpleUrlHandlerMapping - Mapped URL path [/webjars/**] onto handler of type [class org.springframework.web.servlet.resource.ResourceHttpRequestHandler]
2017-12-21 21:06:21.670 INFO  [main] o.s.w.s.h.SimpleUrlHandlerMapping - Mapped URL path [/**] onto handler of type [class org.springframework.web.servlet.resource.ResourceHttpRequestHandler]
2017-12-21 21:06:21.704 DEBUG [main] o.s.w.s.m.m.a.ExceptionHandlerExceptionResolver - Looking for exception mappings: org.springframework.boot.context.embedded.AnnotationConfigEmbeddedWebApplicationContext@7498cfd6: startup date [Thu Dec 21 21:06:17 CST 2017]; root of context hierarchy
2017-12-21 21:06:21.758 INFO  [main] o.s.w.s.h.SimpleUrlHandlerMapping - Mapped URL path [/**/favicon.ico] onto handler of type [class org.springframework.web.servlet.resource.ResourceHttpRequestHandler]
2017-12-21 21:06:22.323 INFO  [main] o.s.j.e.a.AnnotationMBeanExporter - Registering beans for JMX exposure on startup
2017-12-21 21:06:22.344 DEBUG [main] o.s.w.s.resource.ResourceUrlProvider - Looking for resource handler mappings
2017-12-21 21:06:22.345 DEBUG [main] o.s.w.s.resource.ResourceUrlProvider - Found resource handler mapping: URL pattern="/**/favicon.ico", locations=[ServletContext resource [/], class path resource [META-INF/resources/], class path resource [resources/], class path resource [static/], class path resource [public/], class path resource []], resolvers=[org.springframework.web.servlet.resource.PathResourceResolver@4d1d2809]
2017-12-21 21:06:22.345 DEBUG [main] o.s.w.s.resource.ResourceUrlProvider - Found resource handler mapping: URL pattern="/webjars/**", locations=[class path resource [META-INF/resources/webjars/]], resolvers=[org.springframework.web.servlet.resource.PathResourceResolver@352f8e6c]
2017-12-21 21:06:22.346 DEBUG [main] o.s.w.s.resource.ResourceUrlProvider - Found resource handler mapping: URL pattern="/**", locations=[ServletContext resource [/], class path resource [META-INF/resources/], class path resource [resources/], class path resource [static/], class path resource [public/]], resolvers=[org.springframework.web.servlet.resource.PathResourceResolver@452f6fbb]
2017-12-21 21:06:22.352 INFO  [main] o.a.coyote.http11.Http11NioProtocol - Initializing ProtocolHandler ["http-nio-8080"]
2017-12-21 21:06:22.368 INFO  [main] o.a.coyote.http11.Http11NioProtocol - Starting ProtocolHandler ["http-nio-8080"]
2017-12-21 21:06:22.384 INFO  [main] o.a.tomcat.util.net.NioSelectorPool - Using a shared selector for servlet write/read
2017-12-21 21:06:22.408 INFO  [main] o.s.b.c.e.t.TomcatEmbeddedServletContainer - Tomcat started on port(s): 8080 (http)
2017-12-21 21:06:22.409 DEBUG [main] o.s.w.c.s.StandardServletEnvironment - Adding PropertySource 'server.ports' with highest search precedence
2017-12-21 21:06:22.415 INFO  [main] com.base.web.SpingBootApplication - Started SpingBootApplication in 6.186 seconds (JVM running for 6.849)
2017-12-21 21:06:31.765 DEBUG [http-nio-8080-exec-1] o.s.web.servlet.DispatcherServlet - Initializing servlet 'dispatcherServlet'
2017-12-21 21:06:31.766 INFO  [http-nio-8080-exec-1] o.a.c.c.C.[Tomcat].[localhost].[/] - Initializing Spring FrameworkServlet 'dispatcherServlet'
2017-12-21 21:06:31.766 INFO  [http-nio-8080-exec-1] o.s.web.servlet.DispatcherServlet - FrameworkServlet 'dispatcherServlet': initialization started
2017-12-21 21:06:31.766 DEBUG [http-nio-8080-exec-1] o.s.web.servlet.DispatcherServlet - Using MultipartResolver [org.springframework.web.multipart.support.StandardServletMultipartResolver@3a27d7d0]
2017-12-21 21:06:31.770 DEBUG [http-nio-8080-exec-1] o.s.web.servlet.DispatcherServlet - Unable to locate LocaleResolver with name 'localeResolver': using default [org.springframework.web.servlet.i18n.AcceptHeaderLocaleResolver@6ba3c0d0]
2017-12-21 21:06:31.775 DEBUG [http-nio-8080-exec-1] o.s.web.servlet.DispatcherServlet - Unable to locate ThemeResolver with name 'themeResolver': using default [org.springframework.web.servlet.theme.FixedThemeResolver@47a5ea25]
2017-12-21 21:06:31.782 DEBUG [http-nio-8080-exec-1] o.s.web.servlet.DispatcherServlet - Unable to locate RequestToViewNameTranslator with name 'viewNameTranslator': using default [org.springframework.web.servlet.view.DefaultRequestToViewNameTranslator@58e69a7c]
2017-12-21 21:06:31.790 DEBUG [http-nio-8080-exec-1] o.s.web.servlet.DispatcherServlet - Unable to locate FlashMapManager with name 'flashMapManager': using default [org.springframework.web.servlet.support.SessionFlashMapManager@153a3fce]
2017-12-21 21:06:31.791 DEBUG [http-nio-8080-exec-1] o.s.web.servlet.DispatcherServlet - Published WebApplicationContext of servlet 'dispatcherServlet' as ServletContext attribute with name [org.springframework.web.servlet.FrameworkServlet.CONTEXT.dispatcherServlet]
2017-12-21 21:06:31.791 INFO  [http-nio-8080-exec-1] o.s.web.servlet.DispatcherServlet - FrameworkServlet 'dispatcherServlet': initialization completed in 25 ms
2017-12-21 21:06:31.791 DEBUG [http-nio-8080-exec-1] o.s.web.servlet.DispatcherServlet - Servlet 'dispatcherServlet' configured successfully
2017-12-21 21:06:31.812 DEBUG [http-nio-8080-exec-1] o.s.web.servlet.DispatcherServlet - DispatcherServlet with name 'dispatcherServlet' processing GET request for [/user/test]
2017-12-21 21:06:31.816 DEBUG [http-nio-8080-exec-1] o.s.w.s.m.m.a.RequestMappingHandlerMapping - Looking up handler method for path /user/test
2017-12-21 21:06:31.820 DEBUG [http-nio-8080-exec-1] o.s.w.s.m.m.a.RequestMappingHandlerMapping - Returning handler method [public java.lang.String com.base.web.controller.UserController.getTest()]
2017-12-21 21:06:31.820 DEBUG [http-nio-8080-exec-1] o.s.web.servlet.DispatcherServlet - Last-Modified value for [/user/test] is: -1
2017-12-21 21:06:32.277 DEBUG [http-nio-8080-exec-1] com.base.web.dao.UserDao.getUserById - ==>  Preparing: SELECT * FROM be_user where user_id = ?; 
2017-12-21 21:06:32.315 DEBUG [http-nio-8080-exec-1] com.base.web.dao.UserDao.getUserById - ==> Parameters: 2102(Long)
2017-12-21 21:06:32.334 DEBUG [http-nio-8080-exec-1] com.base.web.dao.UserDao.getUserById - <==      Total: 1
2017-12-21 21:06:32.354 DEBUG [http-nio-8080-exec-1] o.s.w.s.m.m.a.RequestResponseBodyMethodProcessor - Written [User{id=2102, name='IT支撑管理员'}] as "text/html" using [org.springframework.http.converter.StringHttpMessageConverter@6ca1bad3]
2017-12-21 21:06:32.355 DEBUG [http-nio-8080-exec-1] o.s.web.servlet.DispatcherServlet - Null ModelAndView returned to DispatcherServlet with name 'dispatcherServlet': assuming HandlerAdapter completed request handling
2017-12-21 21:06:32.355 DEBUG [http-nio-8080-exec-1] o.s.web.servlet.DispatcherServlet - Successfully completed request
2017-12-21 21:06:32.364 DEBUG [http-nio-8080-exec-2] o.s.web.servlet.DispatcherServlet - DispatcherServlet with name 'dispatcherServlet' processing GET request for [/favicon.ico]
2017-12-21 21:06:32.365 DEBUG [http-nio-8080-exec-2] o.s.w.s.h.SimpleUrlHandlerMapping - Matching patterns for request [/favicon.ico] are [/**/favicon.ico]
2017-12-21 21:06:32.366 DEBUG [http-nio-8080-exec-2] o.s.w.s.h.SimpleUrlHandlerMapping - URI Template variables for request [/favicon.ico] are {}
2017-12-21 21:06:32.367 DEBUG [http-nio-8080-exec-2] o.s.w.s.h.SimpleUrlHandlerMapping - Mapping [/favicon.ico] to HandlerExecutionChain with handler [ResourceHttpRequestHandler [locations=[ServletContext resource [/], class path resource [META-INF/resources/], class path resource [resources/], class path resource [static/], class path resource [public/], class path resource []], resolvers=[org.springframework.web.servlet.resource.PathResourceResolver@4d1d2809]]] and 1 interceptor
2017-12-21 21:06:32.368 DEBUG [http-nio-8080-exec-2] o.s.web.servlet.DispatcherServlet - Last-Modified value for [/favicon.ico] is: -1
2017-12-21 21:06:32.382 DEBUG [http-nio-8080-exec-2] o.s.web.servlet.DispatcherServlet - Null ModelAndView returned to DispatcherServlet with name 'dispatcherServlet': assuming HandlerAdapter completed request handling
2017-12-21 21:06:32.382 DEBUG [http-nio-8080-exec-2] o.s.web.servlet.DispatcherServlet - Successfully completed request
